#"Step","Potential Energy (kJ/mole)","Kinetic Energy (kJ/mole)","Total Energy (kJ/mole)","Temperature (K)","Speed (ns/day)"
500,2235.656178515983,306.07965662457343,2541.7358351405564,196.8605408176811,0
1000,2360.0296698315856,384.60111416654024,2744.630783998126,247.36300402602214,2.43e+03
1500,2353.7930595989083,458.9156783567325,2812.7087379556406,295.1597294224299,2.38e+03
2000,2394.114440171131,457.67185776590776,2851.7862979370384,294.3597442261244,2.39e+03
2500,2390.463331543503,467.4704220110289,2857.933753554532,300.6618640004462,2.4e+03
3000,2326.322788955017,428.6469636581655,2754.9697526131827,275.691870594018,2.42e+03
3500,2336.124557496306,440.05311548695744,2776.177672983263,283.02793873532124,2.43e+03
4000,2419.9454454846104,407.78093254499026,2827.7263780296007,262.27151389681813,2.47e+03
4500,2362.5534467171033,438.9268692687171,2801.48031598582,282.30357357475583,2.52e+03
5000,2439.0381789000908,435.19655401952076,2874.2347329196114,279.90435539254923,2.56e+03
5500,2411.393291952569,516.1817641550158,2927.5750561075847,331.99142462584354,2.6e+03
6000,2406.5556494881666,495.62235387372306,2902.1780033618898,318.76827653589316,2.61e+03
6500,2426.283656304222,467.0863727408964,2893.3700290451184,300.414855924664,2.63e+03
7000,2406.0023888520254,505.6079778999333,2911.6103667519587,325.1907071145217,2.65e+03
7500,2411.401404968263,435.194959740359,2846.596364708622,279.903330003729,2.66e+03
8000,2446.0609596734903,497.0205737826389,2943.0815334561294,319.66756638248637,2.68e+03
8500,2437.427844092119,435.57129138373773,2872.9991354758567,280.145374351463,2.7e+03
9000,2419.2529511777175,463.74304355020956,2882.995994727927,298.2645346655891,2.71e+03
9500,2376.249849587149,458.90518071900703,2835.1550303061563,295.15297768119126,2.72e+03
10000,2349.2047820732414,438.08927770583614,2787.2940597790775,281.7648617574745,2.73e+03
10500,2384.227617830883,418.7166441956122,2802.9442620264954,269.3050101229597,2.74e+03
11000,2439.902988738038,430.7024914239488,2870.6054801619866,277.0139196060312,2.74e+03
11500,2404.4312218184828,542.5596647704784,2946.990886588961,348.9568376103604,2.74e+03
12000,2392.179247383156,483.3830140334312,2875.5622614165873,310.8963287992078,2.75e+03
12500,2357.212802214581,453.3145011994395,2810.527303414021,291.5572333383703,2.76e+03
13000,2430.5941903814446,448.72016553962175,2879.314355921066,288.60230515835394,2.77e+03
13500,2463.6015055109688,517.148316060535,2980.7498215715036,332.61307956674096,2.77e+03
14000,2366.2457326131107,524.1117639292027,2890.357496542313,337.0917441356282,2.78e+03
14500,2413.4068484861423,471.93026093543483,2885.337109421577,303.5302882279837,2.79e+03
15000,2392.6839666895507,487.01097624576727,2879.694942935318,313.22971681676756,2.79e+03
15500,2381.915380476332,483.50250015217165,2865.4178806285036,310.97317840827645,2.8e+03
16000,2448.129265109996,425.76898797823145,2873.8982530882276,273.8408496700535,2.8e+03
16500,2419.264860973613,450.11868535244076,2869.383546326054,289.501787893443,2.8e+03
17000,2367.054846934769,489.2164678400697,2856.2713147748386,314.64821771555734,2.81e+03
17500,2364.6693917463936,463.001316665326,2827.6707084117197,297.78747991027655,2.81e+03
18000,2433.4819071549177,487.07155606531484,2920.5534632202325,313.26867979839886,2.81e+03
18500,2402.2029300088425,476.66712941983064,2878.870059428673,306.57688891325625,2.81e+03
19000,2386.1013077884463,512.1079997632944,2898.2093075517405,329.3713110574931,2.81e+03
19500,2371.478242528975,452.40193209631786,2823.880174625293,290.97029839092824,2.82e+03
20000,2402.258497367022,409.5316322199555,2811.7901295869774,263.3975073346823,2.82e+03
20500,2356.8495224608023,454.20647493217035,2811.0559973929726,292.13092200934244,2.81e+03
21000,2420.103448615781,439.0895779115422,2859.193026527323,282.4082225141055,2.82e+03
21500,2422.6264296147087,457.74798931100344,2880.3744189257122,294.4087095749036,2.82e+03
22000,2412.8779976106907,461.3764307465754,2874.254428357266,296.7424058133573,2.82e+03
22500,2419.0616556164173,429.30152419544726,2848.3631798118645,276.11286277229027,2.82e+03
23000,2439.800434310969,522.5537772263089,2962.354211537278,336.0896974517657,2.82e+03
23500,2457.032747500823,456.5679665313913,2913.6007140322145,293.6497570684436,2.82e+03
24000,2360.3625202547987,430.2019814840978,2790.5645017388965,276.69200779219074,2.82e+03
24500,2402.0987297199054,436.77097216804873,2838.869701887954,280.9169702510811,2.83e+03
25000,2462.944714565984,425.310615824153,2888.2553303901373,273.5460395178769,2.83e+03
25500,2396.0966424106145,495.5658711424009,2891.6625135530153,318.7319486689661,2.83e+03
26000,2428.080488584943,470.13379023242004,2898.214278817363,302.3748563444712,2.83e+03
26500,2371.3684679879734,482.1912587621865,2853.55972675016,310.129830333394,2.83e+03
27000,2368.5529087530695,463.46321872237627,2832.0161274754455,298.0845603819371,2.83e+03
27500,2379.020049269876,463.8521824639137,2842.8722317337897,298.3347292868619,2.84e+03
28000,2421.4213776462525,441.02563928574,2862.4470169319925,283.6534346049184,2.84e+03
28500,2415.887080793158,519.0593740568748,2934.9464548500328,333.8422102931743,2.84e+03
29000,2448.1214453150774,464.0639732192775,2912.185418534355,298.47094625436927,2.84e+03
29500,2380.7240661622304,438.6881508517512,2819.4122170139817,282.15003760576883,2.83e+03
30000,2379.051486301676,469.1838110011186,2848.2352973027946,301.7638604119027,2.83e+03
30500,2409.309934301816,493.22636566219154,2902.536299964008,317.2272543708905,2.83e+03
31000,2432.9360364459562,467.8364922574127,2900.772528703369,300.89730854934277,2.83e+03
31500,2385.860412364219,489.9547862552858,2875.815198619505,315.12308025336193,2.83e+03
32000,2409.456544161999,470.3500928486048,2879.8066370106035,302.5139751950083,2.83e+03
32500,2453.3943902618903,466.74638866118954,2920.14077892308,300.1961891549133,2.83e+03
33000,2433.0589809134462,423.0063593371584,2856.0653402506045,272.06401623277895,2.83e+03
33500,2489.024611935801,449.2585150835037,2938.283127019305,288.9485541823051,2.83e+03
34000,2478.4532170716184,432.5587926200782,2911.0120096916967,278.20783252863606,2.83e+03
34500,2393.383016343103,508.5725450973213,2901.9555614404244,327.0974209033574,2.83e+03
35000,2420.557400255784,511.9915929562993,2932.5489932120836,329.2964419621973,2.83e+03
35500,2410.450526070907,502.36291293507765,2912.8134390059845,323.1035862290146,2.83e+03
36000,2400.8188922182544,381.1827663946475,2782.001658612902,245.1644332405644,2.83e+03
36500,2412.8062216551243,411.709138835309,2824.5153604904335,264.79800919965385,2.83e+03
37000,2419.239512041701,511.4200905364381,2930.659602578139,328.9288700801154,2.84e+03
37500,2392.0696241070355,474.3635057309131,2866.4331298379484,305.0952726234256,2.84e+03
38000,2416.8931810217437,429.99275768347394,2846.8859387052175,276.5574418069927,2.84e+03
38500,2435.7531302838415,533.1835046987358,2968.9366349825773,342.92639454572907,2.83e+03
39000,2465.960948120903,484.43253716880196,2950.393485289705,311.5713481530199,2.83e+03
39500,2455.3795256987164,479.8924816384786,2935.272007337195,308.6513311976363,2.84e+03
40000,2405.782316266858,439.1456291261021,2844.92794539296,282.44427284340026,2.83e+03
40500,2532.2360989621066,458.0527939909132,2990.28889295302,294.60475009191316,2.83e+03
41000,2504.0985639397304,475.60909573104277,2979.707659670773,305.8963958465982,2.83e+03
41500,2462.1010033608964,480.4890100231923,2942.5900133840887,309.03499897132264,2.83e+03
42000,2341.6852178404733,398.0413906513642,2739.7266084918374,256.00735539102294,2.83e+03
42500,2343.155835616063,445.67315281172534,2788.8289884277883,286.6425650694274,2.83e+03
43000,2409.100472997238,402.50652063950463,2811.6069936367426,258.8791826597157,2.83e+03
43500,2341.9946449549425,467.6491919788205,2809.643836933763,300.77684306481626,2.83e+03
44000,2374.4455645871894,473.16271687773764,2847.608281464927,304.32296404973323,2.84e+03
44500,2422.9627172182886,450.60091444353407,2873.563631661823,289.81194205630885,2.84e+03
45000,2383.0178133588333,434.26802521937054,2817.2858385782038,279.30715568389115,2.84e+03
45500,2446.5190807552567,484.0826027723338,2930.6016835275905,311.34628166118205,2.84e+03
46000,2423.790125186149,412.65036615742474,2836.4404913435737,265.40337618714807,2.84e+03
46500,2381.4694829405653,411.6201471853795,2793.089630125945,264.740772647161,2.84e+03
47000,2394.6218720888733,462.838384922223,2857.4602570110965,297.6826874800401,2.84e+03
47500,2368.6115193414216,499.873388573515,2868.4849079149367,321.50240463595907,2.84e+03
48000,2446.3351450378805,434.6714246938652,2881.006569731746,279.5666091856049,2.84e+03
48500,2380.5345636099446,418.1808579325377,2798.7154215424825,268.9604097183634,2.84e+03
49000,2391.3656467682163,433.79093539162716,2825.1565821598433,279.0003069290803,2.84e+03
49500,2355.8109976337137,449.13659372283183,2804.9475913565457,288.8701383043478,2.84e+03
50000,2424.749231084579,491.4573789094864,2916.2066099940657,316.0894992757716,2.84e+03
50500,2419.5995542832975,519.5861829326011,2939.1857372158984,334.181036732431,2.82e+03
51000,2441.8548234485497,465.296156524454,2907.150979973004,299.2634467247324,2.82e+03
51500,2453.017139523093,544.942302731463,2997.959442254556,350.4892733257712,2.83e+03
52000,2456.690271196409,433.1219560040095,2889.8122272004184,278.5700410123754,2.83e+03
52500,2380.7161667487935,501.94167054999144,2882.657837298785,322.8326567439978,2.83e+03
53000,2459.905312180857,452.5325543495486,2912.4378665304057,291.0543104017146,2.83e+03
53500,2399.3709712286286,512.6462946704294,2912.0172658990577,329.71752494085473,2.83e+03
54000,2387.2966971923843,417.806455451725,2805.1031526441093,268.71960614562977,2.83e+03
54500,2323.7195969562495,481.79243830170054,2805.51203525795,309.8733219054696,2.83e+03
55000,2476.9099678397306,496.95269885685025,2973.862666696581,319.6239114243423,2.83e+03
55500,2439.2067957602517,473.13220624225875,2912.3390020025104,304.3033405952792,2.83e+03
56000,2375.612637875203,466.53798362149706,2842.1506214967,300.0621497702791,2.83e+03
56500,2431.0554053941455,479.8273957520441,2910.8828011461896,308.6094700594463,2.83e+03
57000,2381.264632390288,442.5090637888989,2823.773696179187,284.60752529220724,2.83e+03
57500,2380.5133316175934,461.56938865477406,2842.0827202723676,296.86651010235823,2.83e+03
58000,2406.192173777469,453.76369136342925,2859.9558651408984,291.8461379313386,2.83e+03
58500,2472.6882936741495,465.3388266236385,2938.027120297788,299.29089075317535,2.83e+03
59000,2369.8640513495516,458.1073695212124,2827.9714208707637,294.6398513087944,2.83e+03
59500,2385.036568630522,476.489922187718,2861.5264908182403,306.46291494995785,2.83e+03
60000,2451.1786166713327,441.2129852363367,2892.3916019076696,283.7739294642018,2.84e+03
60500,2446.4862457419918,403.9230830391316,2850.4093287811233,259.7902698033954,2.84e+03
61000,2329.891466479753,462.4160777517263,2792.3075442314794,297.41107315946755,2.84e+03
61500,2382.4868116878006,450.6625985407621,2833.149410228563,289.85161527364727,2.84e+03
62000,2355.6698997414696,454.0503021423386,2809.7202018838084,292.03047671936025,2.84e+03
62500,2440.1744923675883,482.6997596345558,2922.874252002144,310.4568816567156,2.84e+03
63000,2401.794111224627,509.10653566340727,2910.9006468880343,327.44086637369827,2.84e+03
63500,2447.86839559107,477.9386333603267,2925.8070289513967,307.39467914517905,2.84e+03
64000,2442.9540434027685,501.71393660019964,2944.6679800029683,322.68618562921364,2.84e+03
64500,2463.548832896339,432.7115859418136,2896.2604188381524,278.3061042539832,2.84e+03
65000,2492.3126929567766,455.3134492605106,2947.626142217287,292.84289211330673,2.84e+03
65500,2422.2475673039107,455.8910897144039,2878.1386570183145,293.2144117804602,2.84e+03
66000,2344.4424017826973,527.167140232309,2871.6095420150064,339.05686340576904,2.84e+03
66500,2410.518527281366,474.9436437125862,2885.462170993952,305.46839861971205,2.84e+03
67000,2411.8738330996057,451.03091431183543,2862.9047474114413,290.0885040714354,2.84e+03
67500,2468.46186953072,439.76713720931457,2908.2290067400345,282.84400675166785,2.84e+03
68000,2422.015980962683,439.17860793539955,2861.1945888980827,282.4654837474682,2.84e+03
68500,2432.54182620395,463.1355789080699,2895.67740511202,297.8738330446515,2.84e+03
69000,2422.4916547024263,468.6467286878272,2891.1383833902537,301.41842642970295,2.84e+03
69500,2429.612516459847,433.64536594029136,2863.2578824001384,278.9066813636555,2.84e+03
70000,2419.013608121303,482.66215129977166,2901.675759421075,310.4326931915085,2.84e+03
70500,2392.2398946186204,436.5244360898472,2828.7643307084677,280.75840621510093,2.84e+03
71000,2405.580229715203,413.9620216056551,2819.542251320858,266.24699057090896,2.84e+03
71500,2393.9876257286273,482.91946470556513,2876.9070904341925,310.5981888562082,2.84e+03
72000,2406.2855584672984,470.1386448661973,2876.424203333496,302.37797868798594,2.84e+03
72500,2431.3531330489245,516.6247208197035,2947.977853868628,332.2763200335647,2.84e+03
73000,2433.1539579174478,505.0703456209815,2938.2243035384295,324.8449194121874,2.84e+03
73500,2443.3997672754135,504.2945359817262,2947.69430325714,324.3459437310212,2.84e+03
74000,2451.608003179922,468.21074723094614,2919.8187504108682,301.13801725016265,2.84e+03
74500,2479.115588117063,443.2905551113038,2922.406143228367,285.1101552483093,2.84e+03
75000,2489.9463931879036,437.3212180277283,2927.267611215632,281.2708706007933,2.84e+03
75500,2406.321021155532,443.4404647720701,2849.761485927602,285.2065722961383,2.84e+03
76000,2420.558291521956,483.8670654000013,2904.4253569219572,311.2076549907535,2.84e+03
76500,2437.6894381491625,510.52585011817814,2948.215288267341,328.35372355028375,2.84e+03
77000,2468.2176073155783,440.54726084216145,2908.76486815774,283.3457570540582,2.84e+03
77500,2413.4315322462917,463.6281150331658,2877.0596472794573,298.1906163586029,2.84e+03
78000,2435.3689200614385,453.0920698275207,2888.4609898889594,291.41417267026304,2.84e+03
78500,2436.1357501485504,507.5773302846425,2943.7130804331928,326.4573309071312,2.84e+03
79000,2436.353653568453,464.69586664853927,2901.0495202169923,298.8773596814994,2.84e+03
79500,2453.6399931816527,475.2572789885923,2928.897272170245,305.6701186906731,2.84e+03
80000,2367.2599975748444,518.1574228923891,2885.4174204672336,333.26210446062765,2.84e+03
80500,2364.6976421190902,436.0994518501632,2800.797093969253,280.48507009016595,2.84e+03
81000,2416.1361210412724,427.7334284184098,2843.8695494596823,275.10431425872423,2.84e+03
81500,2418.1728044182446,512.2478316449113,2930.420636063156,329.46124640354725,2.84e+03
82000,2434.989398044683,454.700901574323,2889.690299619006,292.44892124275185,2.84e+03
82500,2436.0343460203294,497.1484542710228,2933.182800291352,319.7498149787535,2.84e+03
83000,2402.095784239198,477.8983009530564,2879.9940851922547,307.3687386446071,2.84e+03
83500,2437.1810056333634,429.0674993881793,2866.2485050215428,275.96234558133546,2.84e+03
84000,2438.9014819389245,417.759760029869,2856.6612419687935,268.68957315976706,2.84e+03
84500,2406.477951087113,440.6592916323893,2847.1372427195024,283.4178116368282,2.84e+03
85000,2436.400790642611,470.3331120581491,2906.73390270076,302.5030536995078,2.84e+03
85500,2384.7816619196633,424.83014384445227,2809.6118057641156,273.23701547225846,2.84e+03
86000,2434.196067355757,433.44551675569636,2867.641584111453,278.7781448284437,2.84e+03
86500,2443.944220692211,462.7130714961232,2906.657292188334,297.60208993525134,2.84e+03
87000,2432.0005104743886,501.28098123979163,2933.2814917141804,322.40772273710326,2.84e+03
87500,2501.6873997657503,485.7671414329633,2987.4545411987137,312.4297224733448,2.84e+03
88000,2447.168442248848,490.97257143715194,2938.141013686,315.77768678144014,2.84e+03
88500,2432.7426882607456,475.3541853253381,2908.096873586084,305.73244571387625,2.84e+03
89000,2407.488635143808,513.1807950162734,2920.6694301600814,330.0612982850569,2.84e+03
89500,2392.4533864622795,498.93794199062677,2891.3913284529062,320.90075563306794,2.84e+03
90000,2400.043942385593,457.2216995492357,2857.2656419348286,294.0702170129641,2.84e+03
90500,2404.563494096525,449.22326039129786,2853.786754487823,288.92587950392056,2.84e+03
91000,2402.4292782790926,482.9807855784963,2885.4100638575887,310.63762845942057,2.84e+03
91500,2445.7568068039727,511.43863159785235,2957.195438401825,328.9407950914591,2.84e+03
92000,2434.4356020685755,407.3772958317339,2841.8128979003095,262.0119078108018,2.84e+03
92500,2448.6132855017627,518.2554528500402,2966.8687383518027,333.3251541604749,2.84e+03
93000,2419.44940106552,455.58415936973427,2875.033560435254,293.01700410459125,2.84e+03
93500,2415.3653105196295,519.0959602845093,2934.4612708041386,333.8657413721033,2.84e+03
94000,2429.968605949283,570.6433218087636,3000.6119277580465,367.0193379857978,2.84e+03
94500,2385.4262909512145,498.56608110044505,2883.9923720516595,320.66158672926883,2.84e+03
95000,2395.495399968011,467.99180499621684,2863.487204964228,300.9972006823059,2.84e+03
95500,2386.256357725352,506.4087457390631,2892.6651034644146,325.70573510304905,2.84e+03
96000,2433.7169962002695,475.8749605665046,2909.5919567667743,306.06739151442724,2.84e+03
96500,2425.8182763515715,449.1270943396958,2874.9453706912673,288.8640286081915,2.84e+03
97000,2382.1685710170564,449.05242532752544,2831.2209963445816,288.8160039133121,2.84e+03
97500,2437.057143218874,413.26808582178694,2850.325229040661,265.80067350687557,2.84e+03
98000,2363.994121369523,459.2384923126782,2823.232613682201,295.36735292361845,2.84e+03
98500,2448.284599477057,468.7785415269052,2917.0631410039623,301.5032041868194,2.84e+03
99000,2459.293514317439,495.50826656504233,2954.8017808824816,318.6948992669332,2.84e+03
99500,2415.680244677492,469.896118226168,2885.57636290366,302.22199339302915,2.84e+03
100000,2359.805378415817,453.5745269583752,2813.3799053741923,291.7244735009316,2.84e+03
100500,2396.6110620605637,509.58870807084645,2906.1997701314103,327.75098407947013,2.84e+03
101000,2421.193371158451,497.738852196992,2918.932223355443,320.12953983954844,2.84e+03
101500,2414.3512136713994,503.79536834499953,2918.146582016399,324.024895243159,2.84e+03
102000,2368.5084968863493,441.30638501794346,2809.8148819042926,283.83400118449225,2.84e+03
102500,2376.142959765293,456.721294967127,2832.8642547324202,293.74837296181767,2.84e+03
103000,2404.847217150387,518.9222638498715,2923.7694810002586,333.7540254402508,2.84e+03
103500,2397.6473394845116,441.34092879487315,2838.9882682793846,283.85621862515217,2.84e+03
104000,2359.0954925470724,504.41973498779004,2863.5152275348623,324.4264676845415,2.84e+03
104500,2409.0349644294092,493.5364473619598,2902.571411791369,317.4266888964882,2.84e+03
105000,2474.4535204272197,485.80278908604333,2960.256309513263,312.45264989146074,2.84e+03
105500,2399.8003701041507,448.64313058067466,2848.4435006848253,288.5527587629893,2.84e+03
106000,2414.486770710091,390.1886463837561,2804.6754170938475,250.95672412571014,2.84e+03
106500,2341.3119906026204,466.6388504104591,2807.9508410130793,300.12702402832224,2.84e+03
107000,2407.8553270347757,421.0351565420747,2828.8904835768503,270.79620231603286,2.84e+03
107500,2412.1706682702575,482.0915580225776,2894.2622262928353,310.0657060406011,2.84e+03
108000,2360.1586287708087,529.4055987182406,2889.5642274890492,340.49656754356783,2.84e+03
108500,2408.1712961391077,474.88778909382955,2883.0590852329374,305.4324747344827,2.84e+03
109000,2441.6031551532096,448.21386605566863,2889.817021208878,288.27666969689966,2.84e+03
109500,2367.3954842580874,471.2670342825609,2838.6625185406483,303.1037222843033,2.84e+03
110000,2406.642316150772,466.8424404961405,2873.4847566469125,300.25796659018454,2.84e+03
110500,2408.1201685513456,444.75064448482874,2852.8708130361742,286.04923753454835,2.84e+03
111000,2414.20504283776,460.287779664671,2874.4928225024314,296.04222062918376,2.83e+03
111500,2328.183849586336,475.8854487091033,2804.0692982954392,306.0741371487073,2.83e+03
112000,2363.0055491271874,503.8596158469976,2866.865164974185,324.066217159581,2.83e+03
112500,2416.0797906132834,458.7428980036277,2874.8226886169114,295.04860268460624,2.83e+03
113000,2473.826539490957,490.4964405599639,2964.322980050921,315.4714547926275,2.83e+03
113500,2479.478439971258,475.53569882129943,2955.0141387925573,305.8491893268779,2.83e+03
114000,2403.2734744546256,465.76351964196135,2869.036994096587,299.5640395739448,2.83e+03
114500,2392.3562409687593,499.23154529498936,2891.5877862637485,321.08959178742094,2.84e+03
115000,2409.213678349569,492.1424550660777,2901.3561334156466,316.53011811393657,2.84e+03
115500,2388.2924566993247,528.7731940964437,2917.0656507957683,340.0898253339239,2.84e+03
116000,2389.796609050826,428.8849696234722,2818.681578674298,275.84494833712847,2.84e+03
116500,2408.521585102504,430.4433593297193,2838.9649444322235,276.84725421972036,2.84e+03
117000,2427.8714925807935,449.9838196984393,2877.8553122792327,289.41504666445303,2.84e+03
117500,2341.99809328365,501.59568617733436,2843.5937794609845,322.6101307797869,2.84e+03
118000,2340.7957554727477,454.58624205947706,2795.381997532225,292.3751759492835,2.84e+03
118500,2360.1009867970515,433.41207475997413,2793.5130615570256,278.75663601784026,2.84e+03
119000,2399.0943684511417,458.59177396941976,2857.6861424205613,294.95140459103544,2.84e+03
119500,2390.209383183765,396.10585749903504,2786.3152406828003,254.76248303544057,2.84e+03
120000,2342.2452782604764,437.28322279028345,2779.52850105076,281.2464332923018,2.84e+03
120500,2366.097827155078,399.94666596427567,2766.044493119354,257.232766882406,2.84e+03
121000,2364.315627212401,477.06727638080514,2841.3829035932063,306.83425050341447,2.84e+03
121500,2381.1061713146355,454.3156731375617,2835.421844452197,292.2011547651117,2.84e+03
122000,2451.442045322239,475.9864709297729,2927.4285162520123,306.1391113754002,2.84e+03
122500,2415.0493167403656,437.1557462447453,2852.205062985111,281.16444449901525,2.84e+03
123000,2402.1636028303324,453.82652479244734,2855.9901276227797,291.8865503617312,2.84e+03
123500,2427.2970513952455,406.61842856335386,2833.9154799585995,261.5238289149039,2.84e+03
124000,2411.8150266612147,474.5722851115355,2886.3873117727503,305.22955277204494,2.84e+03
124500,2400.053468220554,469.4916760156902,2869.545144236244,301.9618692372385,2.84e+03
125000,2365.3193381760675,525.3254969494021,2890.6448351254694,337.8723779791176,2.84e+03
125500,2419.9676809351427,447.5116983067233,2867.479379241866,287.8250580990349,2.84e+03
126000,2394.3360816509394,483.83968249710483,2878.1757641480444,311.19004319278946,2.84e+03
126500,2362.3956041756373,483.4519825669535,2845.847586742591,310.94068713049427,2.84e+03
127000,2442.6034227031405,450.6952114748526,2893.2986341779933,289.87259085860944,2.84e+03
127500,2407.3614440092533,421.9776566705736,2829.339100679827,271.402387931448,2.84e+03
128000,2377.6333569313747,439.6424067424573,2817.275763673832,282.7637841474192,2.84e+03
128500,2430.8140832268014,497.2800326561992,2928.0941158830005,319.8344419426994,2.84e+03
129000,2427.8083809911777,485.3488261098599,2913.157207101038,312.16067557997525,2.84e+03
129500,2410.2056671163155,453.2947200366323,2863.500387152948,291.5445107338981,2.84e+03
130000,2415.021979915486,490.50503189338644,2905.5270118088724,315.47698046056166,2.84e+03
130500,2463.1921487636637,514.1158756949437,2977.308024458607,330.66271195018334,2.84e+03
131000,2412.703076326831,438.6973872954623,2851.400463622293,282.15597818778684,2.84e+03
131500,2390.6765696761017,495.1036692172274,2885.780238893329,318.43467533182223,2.84e+03
132000,2367.5251059759507,440.6005975514871,2808.125703527438,283.3800615013353,2.84e+03
132500,2384.6986808908914,455.0778257638079,2839.7765066546995,292.6913466969867,2.84e+03
133000,2431.9939470095437,469.5977535380035,2901.591700547547,302.03009487053106,2.84e+03
133500,2371.534432101513,468.0163256835044,2839.5507577850176,301.01297159571413,2.84e+03
134000,2346.050554497022,460.6629915586625,2806.7135460556847,296.2835447903089,2.84e+03
134500,2374.262909363394,424.09807890983143,2798.3609882732253,272.76617497102296,2.84e+03
135000,2394.437009625301,461.27906432790854,2855.7160739532096,296.6797828803352,2.84e+03
135500,2364.689784827399,446.9499910160759,2811.6397758434746,287.4637861274262,2.84e+03
136000,2407.336357775176,461.7803551396946,2869.1167129148707,297.00219692576184,2.84e+03
136500,2374.783517555993,482.60782916988757,2857.391346725881,310.3977549535829,2.84e+03
137000,2423.844145746306,487.28463945036015,2911.1287851966663,313.4057281435319,2.84e+03
137500,2410.7916990101735,507.565047174645,2918.3567461848183,326.44943080784435,2.84e+03
138000,2460.396561928692,512.0426938992425,2972.439255827934,329.3293084368106,2.84e+03
138500,2440.8494696611756,495.4383936676903,2936.287863328866,318.64995927806586,2.84e+03
139000,2373.608602650695,476.55122199427984,2850.159824644975,306.50234100396244,2.84e+03
139500,2332.430057231276,465.8115552886122,2798.241612519888,299.5949345490715,2.84e+03
140000,2430.4763564094887,456.4126028699182,2886.888959279407,293.5498321836659,2.84e+03
140500,2419.176801730352,463.7777069629599,2882.954508693312,298.28682905214157,2.84e+03
141000,2446.134834318751,417.2379302005908,2863.3727645193417,268.3539490822332,2.84e+03
141500,2428.929272091531,457.6877928693516,2886.6170649608825,294.3699931695418,2.84e+03
142000,2402.905040260415,512.723610934537,2915.628651194952,329.7672522626051,2.84e+03
142500,2397.064440806391,510.4722700944928,2907.5367109008835,328.3192626110758,2.84e+03
143000,2389.7939800178424,503.7446341191196,2893.5386141369618,323.9922646291063,2.84e+03
143500,2468.995928208059,467.35552514902895,2936.351453357088,300.5879660529609,2.84e+03
144000,2454.188794640624,477.13771261108934,2931.3265072517133,306.87955280981345,2.84e+03
144500,2415.936742922384,519.8370148104938,2935.7737577328776,334.34236368790664,2.84e+03
145000,2412.7459766401034,458.26890959622426,2871.0148862363276,294.74374866310166,2.84e+03
145500,2419.7382928608513,436.48953053948117,2856.2278234003325,280.7359560934614,2.84e+03
146000,2473.4720770461863,424.60477605101664,2898.0768530972027,273.09206619275426,2.84e+03
146500,2466.4480376726333,451.71456675623324,2918.1626044288664,290.5282072239404,2.84e+03
147000,2404.296882054247,447.7106890131839,2852.007571067431,287.95304248886185,2.84e+03
147500,2387.8851373843136,430.2752903304475,2818.160427714761,276.73915767238293,2.84e+03
148000,2361.7918496091934,425.63548458594994,2787.4273341951434,273.75498460376537,2.84e+03
148500,2363.1906365882246,476.0165986055035,2839.207235193728,306.15848852252367,2.84e+03
149000,2442.723324650961,452.16585473475624,2894.889179385717,290.8184610634026,2.84e+03
149500,2385.081061937289,477.49398814199037,2862.5750500792797,307.10869771433516,2.84e+03
150000,2404.221068204738,442.87250014431,2847.093568349048,284.8412758075732,2.84e+03
150500,2414.545033566736,504.7009147325704,2919.2459482993063,324.6073134069749,2.84e+03
151000,2508.5977927610647,501.5557135063492,3010.153506267414,322.5844216499648,2.84e+03
151500,2433.7129286363943,493.93212999690104,2927.6450586332953,317.68117917645554,2.84e+03
152000,2489.1961001117534,485.00197083243773,2974.198070944191,311.9375894779722,2.84e+03
152500,2461.765039241822,473.44961428216675,2935.2146535239885,304.5074871860238,2.84e+03
153000,2446.514209248011,480.5876150152796,2927.1018242632904,309.09841851473067,2.84e+03
153500,2447.8653286581475,482.35716333777344,2930.222491995921,310.2365347933844,2.84e+03
154000,2428.3648892738497,439.08802209286705,2867.4529113667168,282.40722186182694,2.84e+03
154500,2398.6690663062523,432.8274068248333,2831.4964731310856,278.3805965019186,2.84e+03
155000,2422.0861873581175,458.40507201429523,2880.491259372413,294.831323928822,2.84e+03
155500,2491.823946627665,479.3987149392778,2971.222661566943,308.33375641820015,2.84e+03
156000,2462.5008760802666,537.0483738291535,2999.5492499094203,345.41215343475193,2.84e+03
156500,2432.276810547758,489.4795348276139,2921.756345375372,314.81741389804904,2.84e+03
157000,2503.097501279418,482.92433605766814,2986.0218373370863,310.60132195240965,2.84e+03
157500,2463.210656753261,504.26010095918633,2967.4707577124473,324.32379623766917,2.84e+03
158000,2375.4540783007756,507.7205063149615,2883.174584615737,326.5494171015277,2.84e+03
158500,2419.9270267634556,463.59612705729376,2883.5231538207495,298.1700427265645,2.84e+03
159000,2421.4536455698135,492.26647887729723,2913.7201244471107,316.6098862201224,2.84e+03
159500,2448.849402118861,460.951530088364,2909.800932207225,296.46912344532365,2.84e+03
160000,2346.931347111865,420.6481012252456,2767.5794483371105,270.5472608481888,2.84e+03
160500,2394.0484590617607,411.7706287356441,2805.819087797405,264.83755751582845,2.84e+03
161000,2421.340301723374,424.3192317494794,2845.6595334728536,272.9084133285034,2.84e+03
161500,2382.0747227937045,479.4798560089725,2861.554578802677,308.3859437312636,2.84e+03
162000,2438.780805368495,467.81162190392763,2906.5924272724224,300.88131274193955,2.84e+03
162500,2386.668981780461,481.06188487485923,2867.73086665532,309.4034535571769,2.84e+03
163000,2380.2671626053743,471.95352641023374,2852.220689015608,303.54525182929524,2.84e+03
163500,2389.1749295123022,522.0053698645072,2911.1802993768097,335.73697956445744,2.84e+03
164000,2369.01761854129,539.1925024989315,2908.2101210402216,346.79118768410393,2.84e+03
164500,2416.6937307435705,444.44413151324034,2861.137862256811,285.8520982995533,2.84e+03
165000,2411.7784593279575,481.71352310083495,2893.4919824287927,309.8225661992836,2.84e+03
165500,2407.2992177267506,434.84293764527376,2842.1421553720243,279.6769207716275,2.84e+03
166000,2405.3569383669346,455.4255997456184,2860.782538112553,292.9150236799543,2.84e+03
166500,2362.689435289376,448.21835747858916,2810.907792767965,288.2795584349325,2.84e+03
167000,2418.7639524947544,423.2775365557325,2842.041489050487,272.2384286536979,2.84e+03
167500,2402.796994188,362.85657391413514,2765.653568102135,233.3776186491338,2.84e+03
168000,2399.8308062772594,374.89296244215694,2774.7237687194165,241.1190346623661,2.84e+03
168500,2409.699026608302,464.0972571883569,2873.796283796659,298.49235342734437,2.84e+03
169000,2389.156928356072,529.1318779846076,2918.28880634068,340.32051921598463,2.84e+03
169500,2447.2527835539204,511.3379665392996,2958.59075009322,328.8760505798942,2.84e+03
170000,2475.912777871668,509.07743754543236,2984.9902154171004,327.4221514048419,2.84e+03
170500,2447.258484480807,429.89203889570496,2877.150523376512,276.4926627385327,2.84e+03
171000,2390.1640518154704,455.23731948803066,2845.401371303501,292.79392790461674,2.84e+03
171500,2358.0613293469332,431.323778705671,2789.385108052604,277.413511501918,2.83e+03
172000,2438.424986392684,442.0136652392467,2880.4386516319305,284.28890095931195,2.83e+03
172500,2395.239707855409,459.60686321693055,2854.8465710723394,295.604277181285,2.83e+03
173000,2410.4346601346624,458.91722727174846,2869.3518874064107,295.160725634498,2.83e+03
173500,2399.7435053155045,462.3118421940984,2862.055347509603,297.3440322183173,2.83e+03
174000,2411.0317226760794,470.95264822673835,2881.984370902818,302.90151933603386,2.84e+03
174500,2389.1022592228337,468.9473596253676,2858.049618848201,301.6117825305409,2.84e+03
175000,2338.604944041273,493.6014464781738,2832.206390519447,317.4684942268773,2.83e+03
175500,2482.5998462078987,464.4818775237524,2947.081723731651,298.73972879384354,2.84e+03
176000,2416.25540507475,506.5041148860306,2922.7595199607804,325.7670734554779,2.84e+03
176500,2484.4711730956183,509.389081512903,2993.8602546085212,327.62259073052394,2.84e+03
177000,2447.8352115610796,480.6326247482285,2928.467836309308,309.12736731997995,2.84e+03
177500,2414.7832680965757,450.568706572129,2865.3519746687048,289.7912269945719,2.84e+03
178000,2464.516166560113,450.49089949298923,2915.0070660531023,289.74118399645886,2.84e+03
178500,2435.1227602701006,482.052855263042,2917.1756155331427,310.0408136767723,2.84e+03
179000,2428.5430346341886,423.30901312574133,2851.85204775993,272.25867336601675,2.84e+03
179500,2335.4185539859104,503.90132968342385,2839.319883669334,324.09304615072995,2.84e+03
180000,2393.4295228408373,429.385558759604,2822.8150816004413,276.16691108745664,2.84e+03
180500,2441.27192098508,468.9963643720212,2910.2682853571014,301.6433007994623,2.84e+03
181000,2430.8455102196526,431.0077000382589,2861.8532102579115,277.2102199205895,2.84e+03
181500,2366.6190931072256,503.3999677353808,2870.0190608426065,323.7705863527623,2.84e+03
182000,2350.4160759313254,391.0896801084984,2741.5057560398236,251.53623989067097,2.84e+03
182500,2442.1559251962044,451.41792540176283,2893.573850597967,290.337417093966,2.84e+03
183000,2454.6473244479575,426.17212027283784,2880.819444720795,274.1001313303,2.84e+03
183500,2473.0555392578785,481.0499109563767,2954.105450214255,309.3957523198775,2.84e+03
184000,2391.305245842918,503.3723712660302,2894.677617108948,323.75283719575873,2.84e+03
184500,2435.266647503656,501.78945899856393,2937.05610650222,322.7347591945064,2.84e+03
185000,2400.143008300043,507.2168879969853,2907.3598962970286,326.2255060793584,2.84e+03
185500,2412.9729506883596,464.1822397250871,2877.1551904134467,298.5470114478259,2.84e+03
186000,2394.2524490225983,484.24930229397177,2878.50175131657,311.4534974047751,2.84e+03
186500,2375.3888762359275,507.1093402293779,2882.498216465305,326.1563348318197,2.84e+03
187000,2443.220748095105,410.94949042234646,2854.1702385174517,264.3094278968117,2.84e+03
187500,2418.018726439313,402.4437544329348,2820.462480872248,258.8388134646288,2.84e+03
188000,2411.051524475472,441.0039343628095,2852.0554588382815,283.6394747001223,2.84e+03
188500,2448.901380589532,366.78059411638094,2815.681974705913,235.9014215954404,2.84e+03
189000,2464.913593737024,452.34255576338506,2917.256149500409,290.9321094529837,2.84e+03
189500,2503.0097240096657,447.83095517479825,2950.840679184464,288.03039379629126,2.84e+03
190000,2458.006172992745,479.17120781724896,2937.1773808099942,308.1874311917007,2.84e+03
190500,2438.4671031032985,468.2336242532048,2906.700727356503,301.1527310113574,2.84e+03
191000,2436.39335162434,450.1232785978272,2886.5166302221674,289.50474212039444,2.84e+03
191500,2361.5651464117755,490.89610305537644,2852.461249467152,315.7285047901972,2.84e+03
192000,2446.4731798483826,411.3594708163894,2857.832650664772,264.5731140332443,2.84e+03
192500,2380.0645505585985,415.6965997150917,2795.76115027369,267.36261513897045,2.84e+03
193000,2412.5927183555614,465.0937278272768,2877.686446182838,299.13325113041293,2.84e+03
193500,2490.733926455618,463.37418114125364,2954.108107596872,298.02729428798557,2.84e+03
194000,2400.6949041706807,516.0003417605424,2916.6952459312233,331.8747396063739,2.84e+03
194500,2440.950055499221,482.3781156320777,2923.328171131299,310.2500106317775,2.84e+03
195000,2363.8206756329255,415.22313284975337,2779.0438084826787,267.0580965564628,2.84e+03
195500,2369.6021428765234,458.5112735895952,2828.1134164661185,294.8996293489855,2.84e+03
196000,2419.433015569758,501.53042574990656,2920.9634413196645,322.56815738247224,2.84e+03
196500,2430.71110301085,495.6095276439324,2926.3206306547822,318.7600271195122,2.84e+03
197000,2487.9113877346663,522.2237796939338,3010.1351674286,335.877453706434,2.84e+03
197500,2406.182898742565,525.8170780569408,2931.999976799506,338.18854705664796,2.84e+03
198000,2420.6914300281774,462.5586927016609,2883.250122729838,297.50279848509825,2.84e+03
198500,2404.681956485936,420.3257453456796,2825.0077018316156,270.3399319669199,2.84e+03
199000,2404.5327713884208,435.3730881210296,2839.9058595094502,280.0178964200028,2.84e+03
199500,2389.845552325748,517.9298418868007,2907.7753942125487,333.11573171461094,2.84e+03
200000,2457.6449607378745,517.6076048964761,2975.2525656343505,332.908479299059,2.84e+03
200500,2492.215552903256,428.8348182922717,2921.050371195528,275.81269262209094,2.84e+03
201000,2430.29889930585,485.3845184363182,2915.683417742168,312.183631730564,2.84e+03
201500,2410.801480589339,505.2289191213102,2916.0303997106494,324.9469087615558,2.84e+03
202000,2476.313595119902,514.1224296638013,2990.436024783703,330.6669272510891,2.84e+03
202500,2388.743476308051,501.73966837959756,2890.4831446876487,322.70273547791754,2.84e+03
203000,2406.3388106481575,410.94610375441323,2817.284914402571,264.30724970147446,2.84e+03
203500,2450.077353263413,437.43617970071085,2887.513532964124,281.3448102326075,2.84e+03
204000,2390.2678890870843,477.76922923040155,2868.0371183174857,307.2857238849648,2.84e+03
204500,2495.843322671516,408.2769521099662,2904.1202747814823,262.5905376466947,2.84e+03
205000,2413.592395999345,399.72393868698697,2813.316334686332,257.0895158975302,2.84e+03
205500,2344.67471903784,499.33311072657403,2844.007829764414,321.1549153898147,2.84e+03
206000,2386.3071195153625,499.9960121507696,2886.3031316661322,321.58127215692264,2.84e+03
206500,2449.5218134950824,462.3759208073108,2911.897734302393,297.3852455109319,2.84e+03
207000,2394.0778908121715,453.0568804638036,2847.1347712759753,291.3915400090507,2.84e+03
207500,2426.864779853298,475.9078533944972,2902.772633247795,306.08854711809937,2.84e+03
208000,2438.8047664300825,527.6326976093376,2966.43746403942,339.3562948610778,2.84e+03
208500,2463.410516890746,511.78869609019506,2975.199212980941,329.16594525675805,2.84e+03
209000,2437.345470977371,481.11525430125425,2918.4607252786254,309.43777904701534,2.84e+03
209500,2489.7528706673174,445.3635659596888,2935.1164366270064,286.4434488138943,2.84e+03
210000,2408.733192157987,439.12962355423065,2847.8628157122175,282.43397857696823,2.84e+03
210500,2426.8275777819317,474.52953391566996,2901.357111697602,305.20205658483826,2.83e+03
211000,2360.647569086103,478.03067443527027,2838.678243521373,307.45387698926527,2.83e+03
211500,2407.9581693510754,474.9038283495995,2882.8619977006747,305.44279066530936,2.83e+03
212000,2410.872469886108,439.7715142151859,2850.643984101294,282.84682190035335,2.83e+03
212500,2455.917372808561,409.2550832180112,2865.1724560265725,263.2196399563478,2.83e+03
213000,2405.559557678675,431.2649171317243,2836.8244748103994,277.3756536403132,2.83e+03
213500,2408.1727587285795,438.5659168239689,2846.7386755525486,282.0714206304334,2.83e+03
214000,2384.189904571734,460.36646497437573,2844.5563695461096,296.0928284768065,2.83e+03
214500,2407.4035952782424,471.49972065882724,2878.9033159370697,303.25337863970384,2.83e+03
215000,2398.5344726162225,509.75411093710926,2908.2885835533316,327.8573658562415,2.83e+03
215500,2417.038808450431,464.5825506594095,2881.621359109841,298.8044785003409,2.83e+03
216000,2339.3630355539094,486.6633544757944,2826.0263900297036,313.00613773153356,2.83e+03
216500,2349.327953713798,489.2451484752455,2838.5731021890433,314.66666417297296,2.83e+03
217000,2413.813541279754,449.4731025912426,2863.2866438709966,289.0865699305324,2.83e+03
217500,2471.720650135125,417.18423820562793,2888.904888340753,268.3194161267191,2.83e+03
218000,2408.837641334436,462.50837575979193,2871.3460170942276,297.4704362546323,2.83e+03
218500,2447.0297956484383,425.10428447821454,2872.134080126653,273.41333386603117,2.83e+03
219000,2430.589488037499,503.7291619988401,2934.318650036339,323.98231346149385,2.83e+03
219500,2409.9127685911644,506.06202210105215,2915.9747906922166,325.48273366726,2.83e+03
220000,2442.799085146404,526.6661886068798,2969.4652737532842,338.7346675140426,2.83e+03
220500,2389.0313286701385,479.425655158326,2868.456983828464,308.3510834962231,2.83e+03
221000,2362.4215203600893,435.86919619680765,2798.2907165568968,280.3369770971661,2.83e+03
221500,2348.34994882949,419.77941307623746,2768.129361905728,269.9885487119379,2.83e+03
222000,2394.0602998461436,428.8529243922774,2822.913224238421,275.8243378803173,2.83e+03
222500,2403.5297164152444,417.87723625578803,2821.4069526710323,268.76513007074465,2.83e+03
223000,2384.1795787484975,474.7767455268967,2858.9563242753943,305.36105510182307,2.83e+03
223500,2478.698275273286,488.9736534367476,2967.6719287100336,314.49204734055286,2.83e+03
224000,2372.2114588862282,483.5179764505683,2855.7294353367965,310.9831322631187,2.83e+03
224500,2433.7004865152167,385.1182157360002,2818.818702251217,247.6955870396865,2.83e+03
225000,2404.4672838561537,412.0074515562495,2816.4747354124033,264.9898742985133,2.83e+03
225500,2413.0034771362193,453.19870833408453,2866.202185470304,291.4827591104912,2.83e+03
226000,2364.988730801569,482.8995554109229,2847.888286212492,310.5853838414817,2.83e+03
226500,2395.5237463270314,486.2901477215069,2881.8138940485383,312.766103211448,2.83e+03
227000,2420.2109247082453,449.8183410920337,2870.029265800279,289.30861617407015,2.83e+03
227500,2428.582945492219,418.24403441629073,2846.8269799085097,269.00104279047196,2.83e+03
228000,2384.205483052372,486.64922774229586,2870.854710794668,312.99705187320774,2.83e+03
228500,2437.431022809448,427.0411959199048,2864.472218729353,274.659092692776,2.83e+03
229000,2412.7109032376056,455.87220679747765,2868.5831100350833,293.2022668987019,2.83e+03
229500,2409.3392861061034,439.5920093565819,2848.9312954626853,282.7313701779688,2.83e+03
230000,2432.9047376941016,450.68582841447557,2883.590566108577,289.8665559774915,2.83e+03
230500,2420.0021871645795,447.05614806531736,2867.058335229897,287.53206290986816,2.83e+03
231000,2423.6794447070024,480.0841465663952,2903.7635912733977,308.77460388351665,2.83e+03
231500,2419.8967456277437,482.7168139051295,2902.6135595328733,310.4678504122527,2.83e+03
232000,2447.0532333287883,481.96744420271915,2929.0206775315073,309.98588004376836,2.83e+03
232500,2390.4343683157713,443.8755746973608,2834.309943013132,285.4864209347328,2.83e+03
233000,2349.5581284895466,443.50630267457046,2793.064431164117,285.2489171067522,2.83e+03
233500,2410.1081620951454,442.42811549134143,2852.536277586487,284.55546196395085,2.83e+03
234000,2385.0356889828586,436.149490469728,2821.1851794525865,280.51725331272286,2.83e+03
234500,2360.295410783767,449.545469083213,2809.84087986698,289.1331137188504,2.83e+03
235000,2430.156684561667,439.52186082237426,2869.678545384041,282.68625290838617,2.83e+03
235500,2400.099855712697,448.77053709976565,2848.8703928124623,288.6347025175287,2.83e+03
236000,2387.9599547171792,441.85759679842334,2829.8175515156026,284.1885227832388,2.83e+03
236500,2386.1930754968416,418.62266821787637,2804.815743714718,269.2445678119451,2.83e+03
237000,2420.22259055681,443.14502365868395,2863.3676142154936,285.0165541224303,2.83e+03
237500,2401.498973591447,478.4768443160577,2879.9758179075047,307.74083903371144,2.83e+03
238000,2427.776363911088,464.8500228372989,2892.626386748387,298.97650795886057,2.83e+03
238500,2441.83021074484,496.4870176252492,2938.317228370089,319.3244003097762,2.83e+03
239000,2454.9579010253183,512.792323591223,2967.7502246165413,329.81144602218194,2.83e+03
239500,2440.576523637148,520.0834373048167,2960.6599609419645,334.5008546704078,2.83e+03
240000,2439.1446438728703,476.51329548497597,2915.6579393578463,306.4779478991896,2.83e+03
240500,2400.3987144116827,403.1713715435404,2803.570085955223,259.30679326923797,2.83e+03
241000,2367.167645873009,514.4840495309749,2881.651695403984,330.8995094599404,2.83e+03
241500,2409.521664642351,438.40862539301554,2847.9302900353664,281.97025586664296,2.83e+03
242000,2447.940641429551,449.06268574186845,2897.003327171419,288.82260308013963,2.83e+03
242500,2434.812608514704,461.722745402122,2896.5353539168264,296.96514420484607,2.83e+03
243000,2436.292198844149,508.77596358403395,2945.068162428183,327.22825309831006,2.83e+03
243500,2426.7716981406966,461.5180031593148,2888.2897013000115,296.83346061276507,2.83e+03
244000,2390.1830541317813,459.1409154513989,2849.3239695831803,295.3045946407107,2.83e+03
244500,2420.044531391273,519.1886369975914,2939.233168388864,333.9253480380926,2.83e+03
245000,2425.7087937530287,494.65774854809194,2920.3665423011207,318.1478735722546,2.83e+03
245500,2409.02873531072,495.30756604194323,2904.336301352663,318.5658151783159,2.83e+03
246000,2387.971419783441,488.4907536211625,2876.4621734046036,314.18146178937576,2.83e+03
246500,2435.180513515671,462.2441264663515,2897.4246399820227,297.30047965120735,2.83e+03
247000,2422.265558139283,403.43115197110376,2825.6967101103864,259.4738756425912,2.83e+03
247500,2421.5840288426475,478.5986119932867,2900.1826408359343,307.81915606744633,2.83e+03
248000,2456.020081970452,420.0334104435756,2876.0534924140275,270.1519116078973,2.83e+03
248500,2490.702517573536,498.0437455252246,2988.7462630987607,320.3256373722936,2.83e+03
249000,2408.7377546169914,480.66352024019426,2889.401274857186,309.14723830168543,2.83e+03
249500,2402.8551359745106,448.45922680069873,2851.3143627752092,288.4344777965777,2.83e+03
250000,2378.7468999516686,450.2049758526241,2828.9518758042927,289.5572871537364,2.83e+03
250500,2378.4251114339195,444.9020684233358,2823.327179857255,286.14662851686967,2.83e+03
251000,2445.855507414823,452.3418612244049,2898.197368639228,290.9316627479633,2.83e+03
251500,2407.701315114629,416.22398768929435,2823.9253028039234,267.7018140356473,2.83e+03
252000,2409.063873697216,475.43098414495483,2884.494857842171,305.781840232057,2.83e+03
252500,2414.3270902702325,462.4540657247626,2876.781155994995,297.43550579572627,2.83e+03
253000,2457.611117117146,508.64273925557455,2966.2538563727207,327.1425675168513,2.83e+03
253500,2394.68248306026,459.4586594575096,2854.1411425177694,295.50895731405643,2.83e+03
254000,2327.813370595881,476.1078078245725,2803.9211784204535,306.2171513438019,2.83e+03
254500,2423.318577082344,455.0739719790309,2878.3925490613747,292.68886806719553,2.83e+03
255000,2370.098457604133,536.5550995420404,2906.653557146173,345.09489535885285,2.83e+03
255500,2426.909219352854,492.5861198551584,2919.4953392080124,316.8154689643766,2.83e+03
256000,2407.8519203218134,486.5246528327548,2894.376573154568,312.91692931839634,2.83e+03
256500,2472.2185828870715,433.5056178146638,2905.7242007017353,278.81679988674625,2.83e+03
257000,2491.6945436378483,535.8045431251086,3027.4990867629567,344.61216173395013,2.83e+03
257500,2442.889545172131,497.2220772795331,2940.111622451664,319.7971669178918,2.83e+03
258000,2385.295773329413,442.7090484716712,2828.0048218010843,284.73614897546656,2.83e+03
258500,2379.370208333623,500.19276780900503,2879.562976142628,321.7078190359812,2.83e+03
259000,2461.129162976184,476.43998189321127,2937.569144869395,306.43079496689984,2.83e+03
259500,2391.3596558833315,456.6812837058248,2848.040939589156,293.7226390119511,2.83e+03
260000,2360.7910157223705,437.03769492544643,2797.828710647817,281.08851770656617,2.83e+03
260500,2395.472061009551,393.7962447444297,2789.2683057539807,253.27701477216198,2.83e+03
261000,2450.0274406319595,384.5001378799469,2834.5275785119065,247.2980593426422,2.83e+03
261500,2429.659616658355,426.04638050491917,2855.7059971632743,274.01925957623524,2.83e+03
262000,2386.405827241949,574.8869034823634,2961.292730724312,369.74867254034325,2.83e+03
262500,2430.6214557029707,494.1269598283237,2924.7484155312945,317.8064874259625,2.83e+03
263000,2441.1455184357374,481.4260654127945,2922.571583848532,309.63768270668595,2.83e+03
263500,2445.8322249697917,447.0603102221625,2892.8925351919543,287.5347398746052,2.83e+03
264000,2410.5807336056555,443.3949211281492,2853.9756547338047,285.177280096611,2.83e+03
264500,2380.1476657250296,497.6700351164958,2877.8177008415255,320.0852789179525,2.83e+03
265000,2475.2996079877876,467.38112480208395,2942.6807327898714,300.6044309222721,2.83e+03
265500,2401.787219681675,464.55094122357315,2866.3381609052485,298.7841483330168,2.83e+03
266000,2419.425918255833,389.60868595412626,2809.034604209959,250.58371232515842,2.83e+03
266500,2409.8149951958635,457.46500700905494,2867.2800022049187,294.22670450596905,2.83e+03
267000,2444.1611869285034,483.1580246280928,2927.319211556596,310.75162288669594,2.83e+03
267500,2476.788822184794,473.0162559831196,2949.8050781679135,304.22876513680615,2.83e+03
268000,2450.042124318645,504.1762348043448,2954.21835912299,324.2698562379303,2.83e+03
268500,2536.9066640176125,466.27040383527464,3003.177067852887,299.8900511015583,2.83e+03
269000,2405.4510423784586,521.1952578966203,2926.646300275079,335.21594173437154,2.83e+03
269500,2466.583787473259,467.98440418084266,2934.5681916541016,300.9924407170958,2.83e+03
270000,2409.342968248859,444.57593941505456,2853.9189076639136,285.93687288118133,2.83e+03
270500,2376.700386650148,500.2645220207399,2876.9649086708882,321.7539690254442,2.83e+03
271000,2412.795015630125,495.30262905592457,2908.0976446860495,318.5626398685016,2.83e+03
271500,2416.689245851401,451.5228571209429,2868.212102972344,290.4049057837225,2.83e+03
272000,2412.718653998404,445.3824258641327,2858.1010798625366,286.4555788947678,2.83e+03
272500,2366.9388182725197,458.83967489274033,2825.77849316526,295.11084645127625,2.83e+03
273000,2384.9976662098125,451.25509384751666,2836.252760057329,290.23268910196356,2.83e+03
273500,2380.5106311731975,477.8746317631342,2858.385262936332,307.3535153867788,2.83e+03
274000,2369.9647258500754,466.6467742696931,2836.6115001197686,300.13212039843506,2.83e+03
274500,2420.0946959128637,479.6241429132797,2899.7188388261434,308.47874440389916,2.83e+03
275000,2407.4152550036874,419.30729503421196,2826.7225500378995,269.68489764898294,2.83e+03
275500,2408.4350576321585,465.9850572304843,2874.420114862643,299.7065253894643,2.83e+03
276000,2394.215445882038,475.3356264344711,2869.551072316509,305.7205092352048,2.83e+03
276500,2367.47414328567,458.95699694588444,2826.4311402315543,295.1863042033088,2.83e+03
277000,2341.7403894069384,435.1091396395333,2776.8495290464716,279.8481332890963,2.83e+03
277500,2432.319310881241,446.5613618593868,2878.880672740628,287.21383241666007,2.83e+03
278000,2358.385842447781,490.7378533047287,2849.12369575251,315.62672366615794,2.83e+03
278500,2425.4635803184037,467.09799265168175,2892.5615729700853,300.42232947565617,2.83e+03
279000,2465.741889092551,395.2002437369532,2860.9421328295043,254.18002153851717,2.83e+03
279500,2425.715498700811,447.6717938666545,2873.387292567466,287.9280263879376,2.83e+03
280000,2353.7603584632534,464.628129554419,2818.3884880176724,298.8337933722288,2.83e+03
280500,2372.1177247713913,475.4519945473648,2847.569719318756,305.7953534437053,2.83e+03
281000,2474.0490921817895,473.79934221432285,2947.848434396112,304.73242088669036,2.83e+03
281500,2430.601840613804,490.1877016714777,2920.7895422852816,315.2728839198387,2.83e+03
282000,2441.1776029680664,435.0750560145813,2876.2526589826475,279.8262118033136,2.83e+03
282500,2401.125448497236,486.6397665152678,2887.7652150125036,312.99096671782667,2.83e+03
283000,2449.1708660795757,478.7221345740909,2927.8930006536666,307.8986017984317,2.83e+03
283500,2342.821531331215,471.4890855257184,2814.3106168569334,303.24653846587927,2.83e+03
284000,2399.5431926124147,455.57525185018346,2855.1184444625983,293.01127507596044,2.83e+03
284500,2376.2205410097145,419.8332238618008,2796.0537648715153,270.0231580697261,2.83e+03
285000,2398.925696988092,510.46480987589115,2909.3905068639833,328.31446443963006,2.84e+03
285500,2440.915784416149,476.4773009502232,2917.3930853663724,306.454797377995,2.83e+03
286000,2397.017333431867,441.8571800315125,2838.8745134633796,284.18825473223416,2.83e+03
286500,2371.5333216788244,455.0899870273606,2826.623308706185,292.6991684285792,2.84e+03
287000,2420.358705567053,477.686575836776,2898.045281403829,307.23256389403633,2.83e+03
287500,2425.6113028869263,429.4664182739122,2855.0777211608383,276.2189173131971,2.83e+03
288000,2389.370447073708,461.36526655379186,2850.7357136275,296.7352253654523,2.84e+03
288500,2348.780575064402,465.9211368086705,2814.7017118730723,299.6654138404436,2.83e+03
289000,2309.072035449673,487.1344702762732,2796.206505725946,313.30914418512407,2.83e+03
289500,2426.4877710930714,421.64768911605506,2848.1354602091264,271.1901634669045,2.83e+03
290000,2360.5833674487712,457.93571012704706,2818.5190775758183,294.5294455355245,2.83e+03
290500,2397.3174263381143,481.1341959232482,2878.4516222613624,309.4499616859755,2.83e+03
291000,2395.3892921132046,471.76322930637997,2867.1525214195844,303.42285888363585,2.84e+03
291500,2402.687191000869,483.4020315351047,2886.089222535974,310.9085602415249,2.84e+03
292000,2418.1066965906352,487.2824195726198,2905.389116163255,313.404300389929,2.84e+03
292500,2379.233965792081,490.0333664568114,2869.2673322488927,315.1736204988016,2.84e+03
293000,2401.549037914962,414.835185915748,2816.3842238307097,266.8085816292733,2.84e+03
293500,2382.4358860622915,448.78691610732415,2831.2228021696155,288.645236965723,2.84e+03
294000,2426.963261649996,432.3946480877465,2859.357909737743,278.10226007157235,2.84e+03
294500,2420.686019975601,445.82195800011095,2866.507977975712,286.73827175632425,2.83e+03
295000,2394.3121816448534,496.8002300802546,2891.112411725108,319.5258484359378,2.84e+03
295500,2388.062975349364,464.70240468289575,2852.7653800322596,298.88156473384913,2.84e+03
296000,2417.702500047167,514.0063020795147,2931.708802126682,330.5922377428133,2.84e+03
296500,2507.9416978927,471.9895858831247,2979.931283775825,303.5684441166011,2.84e+03
297000,2392.281034272246,483.6129527151977,2875.893986987444,311.04421792632803,2.83e+03
297500,2395.3385179735724,497.8483394767983,2893.1868574503706,320.19995851863683,2.83e+03
298000,2388.8014752605695,529.1444894308471,2917.9459646914165,340.32863049052855,2.83e+03
298500,2427.2685179381833,480.0219252201797,2907.290443158363,308.73458512499644,2.83e+03
299000,2446.6527018797096,509.0741804796931,2955.7268823594027,327.4200565654462,2.83e+03
299500,2374.8934176149937,450.6425475866036,2825.5359652015973,289.83871914809924,2.83e+03
300000,2396.3086419020983,479.2486025314965,2875.557244433595,308.2372089700451,2.83e+03
300500,2443.4132654511245,460.3037964221421,2903.7170618732666,296.0525220898319,2.83e+03
301000,2366.5748121385436,453.9703888267625,2820.5452009653063,291.9790790580576,2.83e+03
301500,2376.5074050561207,482.3562160961989,2858.8636211523194,310.23592555822415,2.83e+03
302000,2393.8906032639115,420.6872066319247,2814.5778098958363,270.5724121816444,2.83e+03
302500,2395.3490695216137,475.13618517516056,2870.485254696774,305.5922350643494,2.83e+03
303000,2365.496925772976,423.7154967554838,2789.2124225284597,272.5201104966876,2.83e+03
303500,2430.5640421707153,477.20552161065547,2907.769563781371,306.9231653663424,2.83e+03
304000,2379.7854484839145,457.17676564813064,2836.962214132045,294.0413169803055,2.83e+03
304500,2455.286859939246,490.53860183364657,2945.8254617728926,315.49857156095595,2.83e+03
305000,2418.400110251675,483.5825382618564,2901.9826485135313,311.0246563331158,2.83e+03
305500,2363.807513066975,485.78147479221684,2849.5889878591915,312.4389412266769,2.84e+03
306000,2400.7452548685637,458.9976075763376,2859.742862444901,295.21242364803805,2.84e+03
306500,2449.2594408966615,420.3535299781858,2869.612970874847,270.3578021443826,2.84e+03
307000,2434.310591408089,435.22933631964236,2869.539927727731,279.9254399082676,2.84e+03
307500,2417.9626468815004,426.7513268123281,2844.7139736938284,274.47265825308415,2.84e+03
308000,2361.0411389461356,421.8336715664323,2782.874810512568,271.3097813669232,2.84e+03
308500,2343.7790206878567,428.30066377645284,2772.0796844643096,275.46914170458166,2.84e+03
309000,2367.378353019776,484.08995211341954,2851.468305133196,311.3510085197938,2.84e+03
309500,2406.0558271799077,447.491609307788,2853.547436487696,287.8121375043162,2.84e+03
310000,2421.156378427231,474.5554178755718,2895.711796302803,305.2187043111229,2.84e+03
310500,2369.9533843233826,537.6840706654597,2907.6374549888424,345.8210130903442,2.84e+03
311000,2406.773902807143,481.3593028560204,2888.133205663163,309.59474318833355,2.84e+03
311500,2396.0549199814636,507.4994937306372,2903.554413712101,326.4072689517375,2.84e+03
312000,2399.6699063152055,536.8995049126779,2936.5694112278834,345.3164057600077,2.84e+03
312500,2441.1850160404665,471.8330398303536,2913.0180558708203,303.4677587559625,2.84e+03
313000,2387.1057664039236,500.8162094204641,2887.9219758243876,322.1087965271139,2.84e+03
313500,2410.6040680486603,479.3006597382107,2889.9047277868713,308.27069048260375,2.84e+03
314000,2387.5240120293547,432.67050779584844,2820.1945198252033,278.2796841183895,2.84e+03
314500,2371.5202533385836,392.87845111390527,2764.398704452489,252.68671957758238,2.84e+03
315000,2339.893282751321,444.7712852475748,2784.6645679988956,286.06251300591384,2.84e+03
315500,2364.943991646487,383.8959501445158,2748.8399417910027,246.90946532217035,2.84e+03
316000,2378.112407923523,484.500479687147,2862.61288761067,311.61504658451133,2.84e+03
316500,2426.463554339176,427.9904383353766,2854.4539926745524,275.2696147292212,2.84e+03
317000,2391.9533589571865,461.8040937849342,2853.7574527421207,297.01746485500513,2.84e+03
317500,2439.8648567710934,523.4510118402038,2963.3158686112974,336.6667697514395,2.84e+03
318000,2448.490112153724,470.3842044908243,2918.8743166445483,302.5359147005918,2.84e+03
318500,2400.9593577444293,496.65302721952656,2897.6123849639557,319.43117231439345,2.84e+03
319000,2408.2889909349587,530.6744152645364,2938.9634061994952,341.3126293304137,2.84e+03
319500,2399.866340599337,462.93144580628507,2862.797786405622,297.742541232385,2.84e+03
320000,2385.5047745057936,384.708573114382,2770.2133476201757,247.4321181475587,2.84e+03
320500,2419.960751005689,405.07247218437345,2825.0332231900625,260.5295197464905,2.84e+03
321000,2452.6391754331494,458.9583018421901,2911.5974772753393,295.18714347043056,2.84e+03
321500,2413.565914711839,546.610444853503,2960.176359565342,351.5621684143473,2.84e+03
322000,2377.720455479668,573.3848389804886,2951.1052944601565,368.7825932084365,2.84e+03
322500,2474.632597580859,498.4316800701365,2973.064277650996,320.5751443312187,2.84e+03
323000,2408.533391189384,513.7115294252274,2922.244920614611,330.402649500389,2.84e+03
323500,2368.6926683886277,512.2873294031347,2880.9799977917623,329.4866500848329,2.84e+03
324000,2423.6921368405037,450.0231681955735,2873.715305036077,289.44035434583117,2.84e+03
324500,2400.3837374796317,503.23078791576864,2903.6145253954005,323.66177536169033,2.84e+03
325000,2422.569679068307,456.96758387200487,2879.537262940312,293.9067780239062,2.84e+03
325500,2401.3565650215564,437.8774700128628,2839.2340350344193,281.62863389624414,2.84e+03
326000,2434.34719559944,446.2407545373106,2880.587950136751,287.0076281510448,2.84e+03
326500,2468.0314430520684,471.76872166248324,2939.8001647145516,303.42639138953575,2.84e+03
327000,2441.21136235778,443.06982300280623,2884.2811853605863,284.96818749150424,2.84e+03
327500,2447.7768228539126,459.49173120902753,2907.26855406294,295.5302279955562,2.84e+03
328000,2435.423710582196,434.2633181443514,2869.6870287265474,279.30412824539957,2.84e+03
328500,2427.816176237756,471.132632830349,2898.9488090681048,303.0172796148985,2.84e+03
329000,2380.4439898661153,452.5193497349342,2832.9633396010495,291.0458176204466,2.84e+03
329500,2440.9490422086446,406.8731004893217,2847.8221426979662,261.6876256651682,2.84e+03
330000,2439.7244633907985,425.3062449463844,2865.030708337183,273.5432283105891,2.84e+03
330500,2415.2818940523457,455.25291207102686,2870.5348061233726,292.8039565499544,2.84e+03
331000,2414.6462202005414,463.26392134400356,2877.910141544545,297.9563787506498,2.84e+03
331500,2413.730564164307,487.99910884670163,2901.729673011009,313.8652517633391,2.84e+03
332000,2440.304951577318,493.2113157769193,2933.5162673542377,317.21757477118564,2.84e+03
332500,2481.0439283883243,439.45879895906165,2920.502727347386,282.6456935564397,2.84e+03
333000,2390.4955927997116,469.99608399477984,2860.4916767944915,302.28628814390936,2.84e+03
333500,2423.656114565906,432.9704992132645,2856.626613779171,278.4726289005566,2.84e+03
334000,2434.0458446425823,451.68270529728954,2885.7285499398718,290.5077149635005,2.84e+03
334500,2371.8144465024343,476.1276474780331,2847.9420939804672,306.22991156757166,2.84e+03
335000,2376.012023593473,391.95870525966257,2767.9707288531354,252.09516877581467,2.84e+03
335500,2444.0951661050085,463.3366214529554,2907.431787557964,298.0031371106257,2.84e+03
336000,2427.5810053539108,455.51211698896196,2883.093122342873,292.9706687741186,2.84e+03
336500,2372.6024737925436,399.1324922123177,2771.7349660048612,256.7091166441067,2.84e+03
337000,2365.5193931832705,403.16214077464906,2768.68153395792,259.3008563370807,2.84e+03
337500,2357.296180469668,490.90250282978667,2848.1986832994544,315.73262091821886,2.84e+03
338000,2455.477847141196,510.8532431067063,2966.3310902479025,328.5642921372076,2.84e+03
338500,2410.973632741094,452.2025548331941,2863.176187574288,290.8420653803514,2.84e+03
339000,2404.970110151605,449.0475532902772,2854.017663441882,288.8128703764474,2.84e+03
339500,2369.2776009166078,488.016806512847,2857.2944074294546,313.8766343301095,2.84e+03
340000,2394.3789295829824,460.16173573114816,2854.540665314131,295.9611532456349,2.84e+03
340500,2451.4848357690266,451.0579940301908,2902.5428297992175,290.1059208709033,2.84e+03
341000,2455.9022629188926,446.19494491318557,2902.0972078320783,286.97816488164835,2.84e+03
341500,2445.5850181661654,483.2058824576271,2928.7909006237924,310.7824034956015,2.84e+03
342000,2392.410330330622,428.20129659530346,2820.6116269259255,275.4052319458074,2.84e+03
342500,2348.0718952988445,506.8595413056416,2854.931436604486,325.9956722390662,2.84e+03
343000,2418.5127569398037,440.5874561108764,2859.10021305068,283.3716093515444,2.84e+03
343500,2377.5275225730647,496.1267868161399,2873.6543093892046,319.09271149816914,2.84e+03
344000,2367.4479777445185,417.82817226190997,2785.2761500064285,268.7335736959237,2.84e+03
344500,2376.2861430815174,445.56598703386265,2821.85213011538,286.5736395053444,2.84e+03
345000,2361.9090367333333,462.08683787128825,2823.9958746046213,297.1993167113698,2.84e+03
345500,2417.524248032498,471.243687385955,2888.767935418453,303.0887063151175,2.84e+03
346000,2358.17175063456,465.2032388665645,2823.374989501124,299.20368509083175,2.84e+03
346500,2398.727674919478,420.5565766094089,2819.2842515288867,270.4883951739051,2.84e+03
347000,2412.7229554918044,410.8493739504974,2823.572329442302,264.245036218481,2.84e+03
347500,2386.5374028793576,468.2127833001227,2854.7501861794804,301.13932678403904,2.84e+03
348000,2416.177246483028,489.3888736397103,2905.566120122738,314.7591035527007,2.84e+03
348500,2428.8399684949513,421.6301973531604,2850.4701658481117,271.17891333044895,2.84e+03
349000,2387.3645435103826,480.00093802674843,2867.365481537131,308.72108684061294,2.84e+03
349500,2383.508278114686,485.3099218753261,2868.818199990012,312.1356536339404,2.84e+03
350000,2412.2916455541354,492.4499473407109,2904.7415928948462,316.7278872049932,2.84e+03
350500,2466.80374882622,513.820668977656,2980.624417803876,330.4728445324688,2.84e+03
351000,2478.657764137301,511.1214600680579,2989.779224205359,328.73680061637424,2.84e+03
351500,2450.05631919203,532.358772739728,2982.415091931758,342.39595360995975,2.84e+03
352000,2454.0276150868317,419.9330703629633,2873.960685449795,270.0873761116384,2.84e+03
352500,2406.5626650720096,445.4299621664573,2851.992627238467,286.48615270776565,2.84e+03
353000,2379.174251008083,465.5586553800247,2844.732906388108,299.4322775031041,2.84e+03
353500,2438.9386931105328,507.89136802709874,2946.8300611376317,326.659309831503,2.84e+03
354000,2414.4344350712518,440.90301891390544,2855.337453985157,283.57456914557747,2.84e+03
354500,2417.715561361819,388.472688537708,2806.188249899527,249.85307550914195,2.84e+03
355000,2410.1678820887987,423.6245424325419,2833.7924245213408,272.46161161635854,2.84e+03
355500,2470.101732180469,485.15555228474847,2955.2572844652173,312.03636810342834,2.84e+03
356000,2393.682248777531,477.9590320484265,2871.6412808259574,307.40779892195735,2.84e+03
356500,2402.3465549161283,445.81061126990943,2848.1571661860376,286.7309739062528,2.84e+03
357000,2508.2854081736086,377.4950929590267,2885.7805011326354,242.7926408944114,2.84e+03
357500,2455.6284832204497,495.29464020131576,2950.9231234217655,318.5575016954647,2.84e+03
358000,2483.1857525355554,492.5466471878809,2975.732399723436,316.79008142077606,2.84e+03
358500,2417.2291767046686,489.0104558382881,2906.2396325429568,314.51571745555026,2.84e+03
359000,2391.4482407958258,525.7032581188369,2917.1514989146626,338.1153417518,2.84e+03
359500,2423.140837838522,452.5611135227279,2875.70195136125,291.0726787387004,2.84e+03
360000,2459.073248320997,495.73067138182546,2954.803919702823,318.8379428556356,2.84e+03
360500,2398.8119867343753,519.7184686278274,2918.5304553622027,334.2661186153365,2.84e+03
361000,2471.641715726176,463.3135864300983,2934.9553021562742,297.9883217285536,2.84e+03
361500,2428.7937592937965,433.57026327424313,2862.3640225680397,278.85837775662014,2.84e+03
362000,2371.482540801849,468.6359885381271,2840.1185293399762,301.41151871260166,2.84e+03
362500,2434.773730195392,485.15492429642717,2919.928654491819,312.0359642016404,2.84e+03
363000,2387.334218727173,425.82935689849023,2813.163575625663,273.87967700807974,2.84e+03
363500,2373.0139375150475,489.6241607333393,2862.638098248387,314.91043260543825,2.84e+03
364000,2345.040367762692,464.0162839000232,2809.056651662715,298.4402740258286,2.84e+03
364500,2399.2070253616475,439.947743209639,2839.1547685712867,282.9601666928115,2.84e+03
365000,2422.492602852181,446.1092828410747,2868.6018856932556,286.9230698059766,2.84e+03
365500,2431.723733559914,477.49079710806996,2909.214530667984,307.10664534447085,2.84e+03
366000,2433.6394343992865,464.2508427487014,2897.890277147988,298.59113469495503,2.84e+03
366500,2427.0957604401206,453.7530858132828,2880.8488462534033,291.8393167843191,2.84e+03
367000,2350.214574746119,514.0020990852817,2864.216673831401,330.5895345127884,2.84e+03
367500,2454.2230978909533,492.49290934455763,2946.716007235511,316.75551897707874,2.84e+03
368000,2463.1463285996433,498.13008801134686,2961.27641661099,320.38117006826246,2.84e+03
368500,2422.926966119666,507.3132446785842,2930.2402107982502,326.28747958213916,2.84e+03
369000,2451.698129504247,473.3429523969371,2925.041081901184,304.43888570939356,2.84e+03
369500,2424.0618189117968,500.0144840823409,2924.0763029941377,321.59315270618606,2.84e+03
370000,2392.8138435905807,508.94734685544995,2901.761190446031,327.3384812783535,2.84e+03
370500,2472.263598711927,403.2613263685041,2875.524925080431,259.3646493047773,2.84e+03
371000,2377.881324764298,453.5574847570703,2831.438809521368,291.71351250795806,2.84e+03
371500,2363.6814980225076,505.40472558616085,2869.0862236086687,325.0599817966324,2.84e+03
372000,2422.347441353813,509.8779909143278,2932.2254322681406,327.93704145304747,2.84e+03
372500,2482.488462942236,459.49730977643475,2941.9857727186704,295.53381594977986,2.84e+03
373000,2470.384981399009,499.9873162638849,2970.372297662894,321.57567924358136,2.84e+03
373500,2436.163000401886,461.8265366787021,2897.9895370805884,297.0318993987882,2.84e+03
374000,2411.1886154080585,507.1924567922315,2918.38107220029,326.20979271822324,2.84e+03
374500,2380.762102110168,501.6937550499485,2882.4558571601165,322.6732055084804,2.84e+03
375000,2352.568377584418,484.2725611121521,2836.8409386965704,311.4684567247647,2.84e+03
375500,2395.4827905867087,461.4950945541746,2856.9778851408832,296.8187265384819,2.84e+03
376000,2437.775584337958,480.8728461624627,2918.648430500421,309.281869968224,2.84e+03
376500,2437.4243115583035,488.8344205803365,2926.25873213864,314.402497268147,2.84e+03
377000,2394.461882412372,442.4239888665328,2836.8858712789047,284.55280785227114,2.84e+03
377500,2421.6173851562803,420.62443940015,2842.2418245564304,270.53204232717883,2.84e+03
378000,2402.182241704909,425.6057005568165,2827.787942261725,273.73582847902446,2.84e+03
378500,2480.987100746838,451.49488830805376,2932.481989054892,290.38691714739133,2.84e+03
379000,2433.778892751291,410.84950449472535,2844.6283972460164,264.24512018030845,2.84e+03
379500,2423.186136700385,466.783554709204,2889.969691409589,300.2200931555675,2.84e+03
380000,2379.802731008025,447.85628808734026,2827.6590190953652,288.04668710672723,2.83e+03
380500,2402.688131957963,439.7610894179182,2842.4492213758813,282.8401170077425,2.83e+03
381000,2357.784988075242,434.335771335267,2792.120759410509,279.3507277956765,2.83e+03
381500,2390.030025160783,447.05252896310236,2837.0825541238855,287.5297352203145,2.83e+03
382000,2421.5969192443745,396.120403530734,2817.7173227751086,254.77183857281472,2.83e+03
382500,2396.0724890871097,437.27995853675503,2833.352447623865,281.2443338299525,2.83e+03
383000,2374.591424649034,503.66779546052584,2878.2592201095595,323.9428444877833,2.83e+03
383500,2476.8493631835386,472.24109490112437,2949.0904580846627,303.73020658670436,2.83e+03
384000,2389.057611058739,489.43464048078147,2878.4922515395206,314.7885393054199,2.83e+03
384500,2444.8967641207105,434.88074958692266,2879.7775137076333,279.70124019018823,2.83e+03
385000,2474.0390310282132,459.44770582329886,2933.486736851512,295.501912290619,2.83e+03
385500,2478.9713277297315,458.6287302954709,2937.6000580252025,294.97517370530227,2.83e+03
386000,2419.9030949612747,526.3336934473351,2946.2367884086098,338.52081737565356,2.83e+03
386500,2405.7544118374126,487.08237915159253,2892.8367909890053,313.2756408576259,2.83e+03
387000,2411.577602917291,427.60469385813394,2839.182296775425,275.0215163510249,2.83e+03
387500,2421.588988959681,470.16221872125953,2891.7512076809408,302.3931406295141,2.83e+03
388000,2366.5255345511428,487.50907019729766,2854.0346047484404,313.55007474501946,2.84e+03
388500,2377.2610466980614,503.709240338507,2880.970287036568,323.96950049355473,2.84e+03
389000,2446.3006641853985,459.2987007654668,2905.5993649508655,295.4060770541551,2.83e+03
389500,2426.689420487149,460.37301236796185,2887.062432855111,296.09703954871026,2.83e+03
390000,2427.7655112083094,438.49830467774854,2866.2638158860577,282.02793468361295,2.84e+03
390500,2413.595801524891,464.24992106879546,2877.845722593687,298.5905419002337,2.83e+03
391000,2418.203799193182,474.1657171784574,2892.3695163716393,304.96806142019386,2.83e+03
391500,2439.7067275347736,412.771079884497,2852.4778074192704,265.48101535421205,2.83e+03
392000,2409.235914791731,383.1419871014263,2792.3779018931573,246.42454066544548,2.84e+03
392500,2433.3024805904697,443.51159128716694,2876.8140718776367,285.25231857141466,2.84e+03
393000,2455.7094227365615,451.60775822351434,2907.317180960076,290.45951142838555,2.84e+03
393500,2450.613613808905,422.73008070442523,2873.3436945133303,271.8863227471811,2.84e+03
394000,2361.5702551620707,431.2133024800992,2792.78355764217,277.34245676488183,2.84e+03
394500,2386.7967363002167,461.5807808151214,2848.377517115338,296.87383717163095,2.84e+03
395000,2382.7930770930493,419.56236744449785,2802.355444537547,269.8489519778146,2.84e+03
395500,2383.0860278027017,396.27259913018463,2779.358626932886,254.86972586251022,2.84e+03
396000,2386.806252269653,421.2412404252791,2808.0474926949323,270.9287488078475,2.84e+03
396500,2405.1335265589437,447.7474243634335,2852.880950922377,287.9766694786363,2.84e+03
397000,2399.3739585377807,447.28805317126114,2846.662011709042,287.6812167774526,2.84e+03
397500,2363.7823998524946,522.3142037834457,2886.0966036359405,335.9356115577612,2.84e+03
398000,2423.5419776575422,434.18993182389437,2857.7319094814366,279.256928536366,2.84e+03
398500,2350.1370796124647,460.3858597918425,2810.522939404307,296.10530259644474,2.84e+03
399000,2372.6974032332714,462.533595886371,2835.2309991196425,297.4866570247828,2.84e+03
399500,2443.94207050895,461.81566363702706,2905.7577341459773,297.02490620986447,2.84e+03
400000,2395.4042110702717,465.93078069992833,2861.3349917702,299.6716164795524,2.84e+03
400500,2385.6151759870354,435.08661162227827,2820.7017876093137,279.833643996638,2.84e+03
401000,2432.5680797967902,499.945704752238,2932.513784549028,321.54891606442277,2.84e+03
401500,2412.4801578501497,449.0563106295002,2861.53646847965,288.8185028139461,2.84e+03
402000,2400.898128405838,499.5474552444002,2900.4455836502384,321.292774854785,2.84e+03
402500,2383.1722666721803,504.10506822780667,2887.277334899987,324.22408419642994,2.84e+03
403000,2499.4218407789704,431.62965100162387,2931.051491780594,277.61023867505475,2.84e+03
403500,2419.2189916225216,538.4565785158551,2957.6755701383768,346.3178651676493,2.84e+03
404000,2446.2813469172415,484.68861412101893,2930.9699610382604,311.73604857074884,2.84e+03
404500,2413.037999985124,435.3125214239646,2848.3505214090883,279.9789418783281,2.84e+03
405000,2415.7940340611253,442.2174363205572,2858.0114703816826,284.419959931712,2.84e+03
405500,2400.044683853576,502.0210230203518,2902.0657068739274,322.8836936877876,2.84e+03
406000,2408.729435830644,468.79021308035345,2877.5196489109976,301.510710952703,2.84e+03
406500,2397.1573936846553,470.17123975308544,2867.328633437741,302.39894266557087,2.84e+03
407000,2446.146268891409,462.8755580599856,2909.0218269513944,297.70659604059114,2.84e+03
407500,2419.070297215315,493.23431146318217,2912.304608678497,317.23236485323184,2.84e+03
408000,2426.1410579467774,429.0957473371335,2855.236805283911,275.9805137489604,2.84e+03
408500,2488.4805022271503,478.60998388190825,2967.0904861090585,307.82647009860034,2.84e+03
409000,2420.7555589991443,527.1640493951111,2947.919608394255,339.0548754791977,2.84e+03
409500,2417.1424877053,456.0940977902274,2873.2365854955274,293.3449800123959,2.84e+03
410000,2427.672288012725,496.44856217610794,2924.1208501888327,319.29966700799844,2.84e+03
410500,2430.355211457605,447.7689099203088,2878.124121377914,287.99048829427693,2.84e+03
411000,2442.1734758351554,435.99095236325724,2878.1644281984127,280.41528672753975,2.84e+03
411500,2403.876598772361,439.9553187985424,2843.8319175709034,282.96503906670597,2.84e+03
412000,2366.6701868134237,402.14667112200164,2768.816857935425,258.6477390825442,2.84e+03
412500,2361.0247735579733,462.7319492594568,2823.7567228174303,297.61423150238545,2.84e+03
413000,2377.721175502012,455.9015559082671,2833.6227314102794,293.2211432980231,2.84e+03
413500,2445.9303969450707,414.5844919348494,2860.51488887992,266.6473433646866,2.84e+03
414000,2320.0174060884056,457.5257995281128,2777.543205616518,294.26580428904964,2.84e+03
414500,2425.03700269427,492.6845952558075,2917.7215979500775,316.8788051587607,2.84e+03
415000,2370.5446520072383,453.2374432950424,2823.7820953022806,291.50767218523396,2.84e+03
415500,2456.3959441153593,467.10675672347566,2923.502700838835,300.42796624332686,2.84e+03
416000,2402.43453070539,509.5719922599736,2912.0065229653637,327.7402330102716,2.84e+03
416500,2460.10304283893,523.8154779650984,2983.918520804028,336.9011825812489,2.84e+03
417000,2392.509310747716,541.3861743707703,2933.8954851184862,348.2020865194891,2.84e+03
417500,2447.719090698283,493.73873789241395,2941.457828590697,317.55679562643775,2.84e+03
418000,2359.156315711499,515.853926671794,2875.0102423832927,331.7805701543015,2.84e+03
418500,2478.7666444284005,455.8555273607239,2934.6221717891244,293.191539224161,2.84e+03
419000,2470.3967564514287,471.02790759571894,2941.4246640471474,302.9499237293297,2.84e+03
419500,2374.8321009038873,475.051761786047,2849.883862689934,305.5379366695399,2.84e+03
420000,2405.0479385728772,448.9406752583951,2853.9886138312722,288.7441298812774,2.84e+03
420500,2405.3991577954016,472.473194363767,2877.8723521591687,303.87948545823474,2.84e+03
421000,2380.2444934589653,431.29768993397727,2811.5421833929427,277.3967320473095,2.84e+03
421500,2395.009702702447,453.7721954724274,2848.7818981748746,291.85160749934266,2.84e+03
422000,2422.6717671921,457.05985726339696,2879.7316244554972,293.96612528642225,2.84e+03
422500,2421.861998020467,459.2231983707643,2881.0851963912314,295.357516354571,2.84e+03
423000,2460.1800239735685,450.7558737799859,2910.9358977535544,289.91160689230304,2.84e+03
423500,2457.379507596319,481.2683938750194,2938.647901471338,309.5362734704751,2.84e+03
424000,2424.1775963171694,445.82718643158563,2870.004782748755,286.7416345144346,2.84e+03
424500,2412.474551573277,464.99450449641574,2877.4690560696927,299.06943389149404,2.84e+03
425000,2465.196943100049,469.2029947285284,2934.399937828577,301.77619876524,2.84e+03
425500,2460.893128868368,484.8460263935428,2945.7391552619106,311.837291055931,2.84e+03
426000,2432.834939651214,494.91328784938867,2927.7482275006028,318.3122281902917,2.84e+03
426500,2444.1653706085435,436.8923223614653,2881.0576929700087,280.99501877272337,2.84e+03
427000,2427.8566546916863,496.6285411098963,2924.4851958015824,319.41542364021666,2.84e+03
427500,2428.0653180930103,456.11995579417135,2884.1852738871817,293.3616110446475,2.84e+03
428000,2336.0113997236526,456.3107514661154,2792.322151189768,293.48432465318587,2.84e+03
428500,2427.926053438672,393.3175832784155,2821.2436367170876,252.96915519042008,2.84e+03
429000,2443.801337217042,429.7255133315763,2873.5268505486183,276.38555887878636,2.84e+03
429500,2406.432281736183,470.40221083435426,2876.8344925705373,302.5474957986777,2.84e+03
430000,2335.8472047080477,509.8185723921828,2845.6657771002306,327.8988253803654,2.84e+03
430500,2443.129941994356,511.3770497536464,2954.5069917480027,328.901187639959,2.84e+03
431000,2460.7809722489233,522.2901760767887,2983.071148325712,335.9201577135584,2.84e+03
431500,2423.8073347840236,547.766417887964,2971.5737526719877,352.3056529021575,2.84e+03
432000,2438.145994985044,490.84459637306475,2928.9905913581088,315.695377357138,2.84e+03
432500,2415.5547548347745,427.1352304145068,2842.689985249281,274.71957263994733,2.84e+03
433000,2457.573581063395,514.5990064525688,2972.1725875159636,330.9734460358151,2.84e+03
433500,2465.1471293111545,517.8272567697995,2982.974386080954,333.04975228351975,2.84e+03
434000,2445.02973342404,484.0640718401529,2929.0938052641927,311.33436316463377,2.84e+03
434500,2473.804379138839,527.9737674141855,3001.7781465530247,339.57565993414215,2.84e+03
435000,2469.4413392009656,428.1881161928975,2897.6294553938633,275.39675473704915,2.84e+03
435500,2441.611587205043,444.88611432955497,2886.497701534598,286.1363673594815,2.84e+03
436000,2413.7749413265738,430.55439308939026,2844.329334415964,276.91866754466616,2.84e+03
436500,2401.0044257974096,480.5981940271108,2881.6026198245204,309.1052225931637,2.84e+03
437000,2406.8865476209085,441.8899740194463,2848.776521640355,284.20934676517555,2.84e+03
437500,2416.990264793709,458.5082813164002,2875.498546110109,294.89770481559464,2.84e+03
438000,2418.135416468398,448.04825253100927,2866.1836689994075,288.1701524314573,2.84e+03
438500,2443.861843085867,450.8181250701791,2894.679968156046,289.95164490982165,2.84e+03
439000,2427.553539723719,476.4675858891148,2904.0211256128337,306.4485489647389,2.84e+03
439500,2482.02675636788,445.12928153684675,2927.156037904727,286.2927646465946,2.84e+03
440000,2453.5367551118425,469.3280080622646,2922.864763174107,301.8566033003213,2.84e+03
440500,2403.982366064941,473.4529758926492,2877.43534195759,304.5096492652188,2.84e+03
441000,2393.0447607444976,422.2538108645075,2815.298571609005,271.58000138203283,2.84e+03
441500,2436.9260387728373,431.33651233938673,2868.262551112224,277.4217013634968,2.84e+03
442000,2384.0134653236983,431.96025594302847,2815.973721266727,277.8228730862392,2.84e+03
442500,2411.9332782598085,437.8312461151228,2849.764524374931,281.5989041794503,2.84e+03
443000,2441.3547404951364,431.9028320867399,2873.2575725818765,277.78593991815654,2.84e+03
443500,2391.4191957145576,443.1933080393002,2834.6125037538577,285.047609075203,2.84e+03
444000,2420.1325703762327,462.34119008004166,2882.4737604562742,297.36290782985697,2.84e+03
444500,2427.7165550806712,466.8647169135817,2894.581271994253,300.2722940617758,2.84e+03
445000,2373.8477607802847,475.1395760819613,2848.987336862246,305.59441598598926,2.84e+03
445500,2516.529859368932,450.99882886543185,2967.528688234364,290.06786774950194,2.84e+03
446000,2409.591956281081,495.50667673062185,2905.098633011703,318.69387673682684,2.84e+03
446500,2470.6495732499334,491.7410065468197,2962.390579796753,316.27191940356454,2.84e+03
447000,2469.5063946132027,463.7916392249095,2933.298033838112,298.2957898326536,2.84e+03
447500,2440.92688068573,482.41864981748563,2923.3455305032157,310.2760809095249,2.84e+03
448000,2448.5675876018736,509.54011134959717,2958.107698951471,327.71972823929895,2.84e+03
448500,2500.6470880660913,491.0853991421789,2991.7324872082704,315.850253914048,2.84e+03
449000,2416.94757580295,475.0092886473377,2891.9568644502874,305.5106193197077,2.84e+03
449500,2457.722468286304,492.9540788751608,2950.6765471614644,317.0521283114081,2.84e+03
450000,2416.6454115513725,461.0388479590529,2877.6842595104254,296.52528347711547,2.84e+03
450500,2396.188775769932,452.544013082052,2848.732788851984,291.0616802880461,2.84e+03
451000,2443.663571085222,449.663067681062,2893.326638766284,289.2087493354975,2.84e+03
451500,2429.954810684801,445.9054402411639,2875.860250925965,286.7919648351247,2.84e+03
452000,2392.0799838708135,437.8080058489282,2829.8879897197417,281.5839567914982,2.84e+03
452500,2516.823825285164,436.43710615171983,2953.2609314368838,280.70223842192274,2.84e+03
453000,2410.282004621282,477.5667366688793,2887.8487412901613,307.15548721516313,2.84e+03
453500,2365.5168573631554,490.5832209714522,2856.1000783346076,315.52726914803543,2.84e+03
454000,2423.645653711267,420.145981140188,2843.791634851455,270.2243134410009,2.84e+03
454500,2407.1768742960676,443.0686722456319,2850.2455465416997,284.96744736168904,2.84e+03
455000,2414.8266833163607,438.77607222810207,2853.6027555444625,282.2065857928935,2.84e+03
455500,2451.884794017155,424.34342233629604,2876.228216353451,272.92397193195956,2.84e+03
456000,2422.929469480411,454.0068627844272,2876.9363322648383,292.00253792857126,2.84e+03
456500,2437.1633517467517,430.2304081686015,2867.3937599153533,276.7102909167432,2.84e+03
457000,2421.134361807257,408.1046080655926,2829.2389698728493,262.47969152854284,2.84e+03
457500,2407.366144857197,435.7738019485561,2843.139946805753,280.2756226004028,2.84e+03
458000,2421.0087326512694,484.9142608619554,2905.922993513225,311.8811772602683,2.84e+03
458500,2445.5378132559526,494.83417338772836,2940.371986643681,318.26134432600384,2.84e+03
459000,2484.819955733942,447.67303154393016,2932.492987277872,287.92882242195225,2.84e+03
459500,2441.740958361187,423.19871506141817,2864.939673422605,272.18773321653657,2.84e+03
460000,2397.474921716776,509.0206378099184,2906.4955595266943,327.3856196510661,2.84e+03
460500,2413.1600218397343,464.54998903187317,2877.7100108716077,298.7835359140959,2.84e+03
461000,2454.932833553389,494.0773844946353,2949.0102180480244,317.774602173905,2.84e+03
461500,2485.1888205130795,452.01745467936865,2937.206275192448,290.7230149449537,2.84e+03
462000,2424.8985965413785,478.6198300930905,2903.518426634469,307.83280286334434,2.84e+03
462500,2294.890749674107,505.5652870718,2800.456036745907,325.163249753889,2.84e+03
463000,2396.601798295268,458.3363893927534,2854.9381876880216,294.78714948687895,2.84e+03
463500,2409.5638875951586,476.42234825822453,2885.9862358533833,306.4194535829008,2.84e+03
464000,2434.326041421846,526.621197228652,2960.947238650498,338.7057305139566,2.84e+03
464500,2407.652305424699,508.96531901202843,2916.6176244367275,327.35004038849735,2.84e+03
465000,2459.5159285950904,514.8147604551908,2974.3306890502813,331.11221203584313,2.84e+03
465500,2427.2581708356056,517.9707937236188,2945.2289645592246,333.14207061224437,2.84e+03
466000,2472.611678430123,555.9951963718416,3028.6068748019648,357.59813721970227,2.84e+03
466500,2495.9586992417003,464.744100321282,2960.7027995629824,298.90838202060706,2.84e+03
467000,2437.946041469262,493.7516788669933,2931.6977203362553,317.5651188429576,2.84e+03
467500,2385.2752213372332,469.3280073441266,2854.6032286813597,301.8566028384381,2.84e+03
468000,2438.194083533594,454.1514773005002,2892.345560834094,292.0955493105042,2.84e+03
468500,2431.917355259859,497.2328911433282,2929.1502464031873,319.8041220455161,2.84e+03
469000,2423.070107246348,426.6333756786049,2849.703482924953,274.39679589675876,2.84e+03
469500,2435.863784774173,452.3129877460158,2888.176772520189,290.91309226002676,2.84e+03
470000,2361.1669062321826,467.20006213558173,2828.3669683677645,300.4879772682051,2.84e+03
470500,2342.0398089848363,501.63567008995113,2843.6754790747873,322.635847139863,2.84e+03
471000,2411.8635320951216,419.80689830423347,2831.670430399355,270.00622632209814,2.84e+03
471500,2340.388549446488,462.64973755480196,2803.03828700129,297.5613555915249,2.84e+03
472000,2403.3549910256306,468.59202578660796,2871.9470168122384,301.38324329196337,2.84e+03
472500,2428.3457141436065,430.69974915040945,2859.045463294016,277.0121558643374,2.84e+03
473000,2369.7525167840276,538.3288732018354,2908.081389985863,346.2357292378706,2.84e+03
473500,2436.261375165326,444.3845011401323,2880.6458763054584,285.81374597118014,2.84e+03
474000,2400.7254322762983,459.24677136309657,2859.972203639395,295.3726777412191,2.84e+03
474500,2358.9024472751616,458.2408323853405,2817.1432796605022,294.7256903086844,2.84e+03
475000,2374.0415474152755,444.9972831905729,2819.0388306058485,286.2078675772464,2.84e+03
475500,2405.820742318692,456.6839253300408,2862.5046676487327,293.72433801925376,2.84e+03
476000,2399.886608311477,513.0091816262715,2912.8957899377488,329.95092210017776,2.84e+03
476500,2449.9714951347423,434.9870050374533,2884.9585001721957,279.7695802611585,2.84e+03
477000,2410.4941769144134,451.64369380317567,2862.137870717589,290.48262403157105,2.84e+03
477500,2385.3208480281064,486.5860086090597,2871.906856637166,312.9563913703304,2.84e+03
478000,2381.5879191073254,492.82927564304055,2874.417194750366,316.9718589068945,2.84e+03
478500,2452.811585844978,476.77963476358605,2929.591220608564,306.6492487135148,2.84e+03
479000,2381.905476089783,470.54082055240775,2852.4462966421906,302.6366450886354,2.84e+03
479500,2458.4027045604907,449.7947662764055,2908.197470836896,289.29345361473696,2.84e+03
480000,2447.127013259315,470.7396341355936,2917.8666473949083,302.7645155584977,2.84e+03
480500,2451.4195940089767,445.06007462778234,2896.479668636759,286.24825299986514,2.84e+03
481000,2395.318996990609,456.51650715421215,2851.8355041448212,293.6166600605165,2.84e+03
481500,2440.436428145794,423.26875115582686,2863.705179301621,272.2327781684752,2.84e+03
482000,2415.8711572285274,467.74593622871294,2883.61709345724,300.83906583899494,2.84e+03
482500,2370.7609529159386,537.1486673461771,2907.909620262116,345.4766589828158,2.84e+03
483000,2377.979218190154,511.2971390016227,2889.2763571917767,328.8497916274503,2.84e+03
483500,2449.1513473375226,481.3079687957666,2930.459316133289,309.5617267802018,2.84e+03
484000,2461.3950513819927,487.1111436581543,2948.506195040147,313.29414125840566,2.84e+03
484500,2449.8870882424553,445.9994558004485,2895.886544042904,286.85243260371203,2.84e+03
485000,2419.8367104060135,501.0791607729053,2920.9158711789187,322.2779183368453,2.84e+03
485500,2432.3410547164967,514.3519261882844,2946.692980904781,330.8145319969378,2.84e+03
486000,2381.878175392254,489.24071363586216,2871.118889028116,314.66381182764206,2.84e+03
486500,2401.030094919857,509.56637957932037,2910.5964744991775,327.73662311551084,2.84e+03
487000,2411.4163079293307,431.34868839950883,2842.7649963288395,277.42953261176433,2.84e+03
487500,2361.510407357113,603.6839300606787,2965.1943374177918,388.26998914356227,2.84e+03
488000,2477.692932819841,440.1072173991308,2917.800150218972,283.0627353363341,2.84e+03
488500,2463.5661969432695,484.5177851709776,2948.083982114247,311.62617691229457,2.84e+03
489000,2434.6802423997647,440.6087594542082,2875.289001853973,283.38531097332407,2.84e+03
489500,2421.810705595921,461.3266256593397,2883.1373312552605,296.7103727912453,2.84e+03
490000,2439.1760307627897,465.822279803384,2904.9983105661736,299.60183221029234,2.84e+03
490500,2413.4391280208374,365.3540243440791,2778.7931523649168,234.9838980331543,2.84e+03
491000,2406.8239410701826,433.9314678818104,2840.755408951993,279.0906928839164,2.84e+03
491500,2361.4749608163747,474.39053276875524,2835.86549358513,305.1126555404903,2.84e+03
492000,2440.8290616160707,465.1814897430547,2906.010551359125,299.18969675765186,2.84e+03
492500,2429.8350026759103,465.90784823837396,2895.742850914284,299.6568670615948,2.84e+03
493000,2437.205169158677,435.7250579336424,2872.9302270923195,280.2442720257081,2.84e+03
493500,2422.0627031890413,458.009795305603,2880.072498494644,294.57709472749605,2.84e+03
494000,2403.1111613464973,402.56902482530836,2805.680186171806,258.9193833315159,2.84e+03
494500,2427.1797085934336,423.9004115229167,2851.0801201163504,272.6390416975504,2.84e+03
495000,2379.649170537236,523.2490837104384,2902.8982542476742,336.536896105898,2.84e+03
495500,2383.546807396272,515.8574267441826,2899.4042341404547,331.78282128771855,2.84e+03
496000,2381.441687617858,463.7081196531443,2845.1498072710024,298.24207274394576,2.84e+03
496500,2386.0447943627505,464.806777236715,2850.8515715994654,298.9486937865212,2.84e+03
497000,2425.1588980188094,466.0303658011566,2891.189263819966,299.735666397477,2.84e+03
497500,2416.7798810358377,466.79324799204664,2883.5731290278845,300.22632756174704,2.84e+03
498000,2397.207449663262,539.4344039993254,2936.6418536625874,346.9467709094555,2.84e+03
498500,2435.646959910443,476.7462360997206,2912.3931960101636,306.6277677725609,2.84e+03
499000,2360.930731332508,467.0382666226728,2827.968997955181,300.3839156244997,2.84e+03
499500,2405.7079544355156,446.6595182642234,2852.3674726997388,287.27696344324943,2.84e+03
500000,2372.7617532143727,464.6862007718005,2837.447953986173,298.87114290203994,2.84e+03
500500,2522.7846588495613,470.46583669740704,2993.2504955469685,302.5884178970252,2.84e+03
501000,2403.1194070330716,425.8944308692654,2829.013837902337,273.9215304825028,2.84e+03
501500,2451.62994730141,454.1548909266687,2905.784838228079,292.0977448445071,2.84e+03
502000,2522.840856885643,413.07187534454323,2935.912732230186,265.6744772706073,2.84e+03
502500,2477.151101174659,505.86902004778483,2983.020121222444,325.35860098557794,2.84e+03
503000,2465.0033103867295,458.25031643392947,2923.253626820659,294.7317901421557,2.84e+03
503500,2489.9653584661824,438.880663699217,2928.8460221653995,282.2738556460934,2.84e+03
504000,2508.8184818165155,449.3405218555621,2958.1590036720777,289.00129828714415,2.84e+03
504500,2475.723330577,430.22230912361255,2905.9456397006124,276.70508187281587,2.84e+03
505000,2490.0908224443037,485.3880674214843,2975.478889865788,312.1859143230985,2.84e+03
505500,2437.176157034158,492.8254034354415,2930.0015604695996,316.96936842813966,2.84e+03
506000,2467.7543620195847,416.30023561082714,2884.054597630412,267.75085423398883,2.84e+03
506500,2485.2863558034196,426.82140137920965,2912.107757182629,274.5177279492737,2.84e+03
507000,2501.6502111612035,433.2170616854687,2934.867272846672,278.63120991230613,2.84e+03
507500,2465.0456861404273,496.3683387969789,2961.4140249374063,319.2480699238415,2.84e+03
508000,2471.6170131612766,446.8954339715294,2918.5124471328063,287.4286967999835,2.84e+03
508500,2444.403154284875,413.33543269611926,2857.7385869809946,265.84398883939275,2.84e+03
509000,2508.685040986652,415.7772348381566,2924.462275824809,267.41447704351685,2.84e+03
509500,2550.427226966115,432.8799097278742,2983.3071366939894,278.41436467194694,2.84e+03
510000,2466.787197204469,388.2267010006798,2855.013898205149,249.69486427711232,2.84e+03
510500,2414.355906733486,462.5217290618902,2876.877635795376,297.4790246668834,2.84e+03
511000,2449.537180793628,480.13797213752355,2929.6751529311514,308.80922275090234,2.84e+03
511500,2425.059816901226,419.6842068075174,2844.7440237087435,269.9273151175326,2.84e+03
512000,2452.1895271140356,397.3225352641335,2849.512062378169,255.54501084365722,2.84e+03
512500,2454.636240873252,459.2765055985993,2913.9127464718513,295.39180184030636,2.84e+03
513000,2442.4409072612398,463.0939762751378,2905.5348835363775,297.8470755759953,2.84e+03
513500,2496.850410623819,485.6221801106155,2982.472590734434,312.3364880368267,2.84e+03
514000,2478.0747890136554,472.71090418765243,2950.785693201308,304.0323727327561,2.84e+03
514500,2460.084336001055,474.9710811266006,2935.0554171276553,305.4860454774649,2.84e+03
515000,2501.578914066693,450.2052522441172,2951.78416631081,289.5574649198102,2.84e+03
515500,2495.478949524321,414.08799353849065,2909.5669430628113,266.32801164594326,2.84e+03
516000,2451.459112419111,464.3258965788267,2915.785008997938,298.6394068923034,2.84e+03
516500,2495.5416910551585,457.1299649571609,2952.6716560123195,294.0112162887517,2.84e+03
517000,2490.303766315472,415.7251074439655,2906.0288737594374,267.38095038864196,2.84e+03
517500,2498.1995328134117,466.4581904602077,2964.6577232736195,300.0108293883295,2.84e+03
518000,2485.3058875048355,480.39782329336225,2965.703710798198,308.97635061439587,2.84e+03
518500,2530.0332197620032,492.6056854459846,3022.6389052079876,316.8280529199192,2.84e+03
519000,2498.622203007618,501.6664461913198,3000.2886491989375,322.65564133339586,2.84e+03
519500,2511.4274004769727,518.0850280519782,3029.5124285289507,333.2155424395091,2.84e+03
520000,2493.378501611972,471.8056134028782,2965.1841150148502,303.45011896439627,2.84e+03
520500,2442.049561154772,501.72710648894093,2943.776667643713,322.6946560759226,2.84e+03
521000,2450.8266058635004,425.78488050964245,2876.6114863731427,273.8510712325155,2.84e+03
521500,2499.127959300943,412.18272986862473,2911.310689169568,265.10260764299073,2.84e+03
522000,2464.441530839105,446.96045006542636,2911.4019809045312,287.47051304986945,2.84e+03
522500,2553.751501889644,478.7973812487453,3032.548883138389,307.9469980271473,2.84e+03
523000,2549.4424747744397,487.264474241213,3036.7069490156528,313.39275853286847,2.84e+03
523500,2493.1427722251256,494.5765722266715,2987.719344451797,318.0956635864207,2.84e+03
524000,2430.491913720602,479.20238032488646,2909.6942940454883,308.20748034093145,2.84e+03
524500,2534.5427655931644,481.8242026138041,3016.3669682069685,309.89375168420224,2.84e+03
525000,2430.5557303582946,514.6891750470245,2945.244905405319,331.0314395609813,2.84e+03
525500,2392.9270870316986,440.55229516007387,2833.4793821917724,283.3489949646002,2.84e+03
526000,2437.920650921432,481.34402072524125,2919.264671646673,309.5849142158262,2.84e+03
526500,2447.258332921012,442.5502807410967,2889.8086136621087,284.6340347034827,2.84e+03
527000,2385.725265328105,433.43346327262424,2819.158728600729,278.7703924177723,2.84e+03
527500,2415.5504120292844,460.5312091801917,2876.081621209476,296.1987866244703,2.84e+03
528000,2524.458975055026,455.1696081546265,2979.6285832096523,292.750378163806,2.84e+03
528500,2479.720634001588,550.1739481406306,3029.894582142219,353.8540985349105,2.84e+03
529000,2470.203109593822,428.7808311224309,2898.9839407162526,275.77796981963724,2.84e+03
529500,2490.838350566729,473.77148650523867,2964.6098370719674,304.71450499507034,2.84e+03
530000,2488.6897025547123,452.1561608100877,2940.8458633648,290.81222624442137,2.84e+03
530500,2477.8812537583926,472.294374030271,2950.1756277886634,303.76447400027166,2.84e+03
531000,2487.3601030794243,442.8084980665461,2930.1686011459706,284.800111740085,2.84e+03
531500,2454.5169633029545,469.20453584334666,2923.721499146301,301.7771899604731,2.84e+03
532000,2516.2118677682806,440.0037890472041,2956.2156568154846,282.99621356379714,2.84e+03
532500,2436.8073677382326,479.5813749155141,2916.3887426537467,308.4512374102536,2.84e+03
533000,2515.3171962734345,447.69101869440084,2963.0082149678356,287.94039117568275,2.84e+03
533500,2415.074774076158,506.6643814099128,2921.739155486071,325.8701517028673,2.84e+03
534000,2549.2305321771955,467.7719584612857,3017.002490638481,300.85580249779173,2.84e+03
534500,2512.0557229406227,527.4911125518748,3039.5468354924974,339.26523192899276,2.84e+03
535000,2474.0419824568917,536.2275708234008,3010.2695532802927,344.884239474709,2.84e+03
535500,2484.8679585338004,506.9745242082809,2991.8424827420813,326.0696255251094,2.84e+03
536000,2498.1900691015144,525.3785545160135,3023.568623617528,337.90650289082447,2.84e+03
536500,2544.360755048471,440.434361745373,2984.795116793844,283.2731440045772,2.84e+03
537000,2488.198971652611,456.8015083824604,2945.000480035071,293.7999636375833,2.84e+03
537500,2479.447259661503,494.5787399317465,2974.0259995932493,318.0970577842518,2.84e+03
538000,2575.5846240140663,452.75501814237913,3028.3396421564453,291.1973919219042,2.84e+03
538500,2519.236375090365,418.7946002653793,2938.0309753557444,269.35514894702794,2.84e+03
539000,2494.1561679073625,445.1369506053697,2939.2931185127322,286.2976971435584,2.84e+03
539500,2479.3459455845414,510.99966725344257,2990.345612837984,328.6584674150851,2.84e+03
540000,2502.2473257609317,473.382872999266,2975.630198760198,304.46456135033907,2.84e+03
540500,2520.0335590754157,433.3198359880199,2953.3533950634355,278.69731102142754,2.84e+03
541000,2467.504961027549,533.7690500119687,3001.274011039518,343.3029983628775,2.84e+03
541500,2537.6676999023193,546.1910394753679,3083.858739377687,351.2924204328184,2.84e+03
542000,2486.905701399903,474.80810121918324,2961.7138026190864,305.3812220694984,2.84e+03
542500,2473.5084368488724,463.09004487384027,2936.5984817227127,297.8445470257671,2.84e+03
543000,2488.908111891815,517.730479463403,3006.638591355218,332.9875082484662,2.84e+03
543500,2464.0445099954763,529.0720853928074,2993.1165953882837,340.2820625537925,2.84e+03
544000,2491.6965080827968,467.9690521970704,2959.6655602798673,300.98256681740133,2.84e+03
544500,2520.1823001522694,477.99002533155874,2998.172325483828,307.4277327997799,2.84e+03
545000,2458.670504188891,494.6945066704899,2953.3650108593806,318.17151520833886,2.84e+03
545500,2482.488173580494,444.89603715149354,2927.3842107319874,286.1427493977875,2.84e+03
546000,2495.635082676934,471.0762236871117,2966.7113063640454,302.9809990774488,2.84e+03
546500,2519.884198313351,516.1991878423348,3036.0833861556857,332.0026309782894,2.84e+03
547000,2477.6888789668365,476.27900878057017,2953.9678877474066,306.3272622644618,2.84e+03
547500,2531.4253124851875,477.7260101594923,3009.15132264468,307.25792677565454,2.84e+03
548000,2517.1995884722764,462.13385231767217,2979.333440789949,297.2295548834962,2.84e+03
548500,2524.933118292691,468.48217440944006,2993.415292702131,301.3125904372218,2.84e+03
549000,2511.8318856608416,454.05406193713435,2965.885947597976,292.0328948978339,2.84e+03
549500,2514.377021646427,473.2207976674215,2987.597819313848,304.3603197361398,2.84e+03
550000,2512.5628018024327,446.33812281180013,2958.9009246142327,287.07025227767207,2.84e+03
